[ 2023-05-09 23:06:19,051 ] 157 numexpr.utils - INFO - NumExpr defaulting to 4 threads.
[ 2023-05-09 23:06:25,242 ] 15 root - INFO - >>>>>>>>>>>>>>>>>>>>>>>>>>>>>>>>>>>>>>>> Data Ingestion <<<<<<<<<<<<<<<<<<<<<<<<<<<<<<<<<<<<<<<<
[ 2023-05-09 23:06:25,243 ] 22 root - INFO - Exporting collection data as pandas dataframe
[ 2023-05-09 23:06:25,243 ] 21 root - INFO - Reading data from database: HealthCare and collection: thyroid_data
[ 2023-05-09 23:06:31,421 ] 23 root - INFO - Found columns: Index(['_id', 'age', 'sex', 'on_thyroxine', 'query_on_thyroxine',
       'on_antithyroid_medication', 'sick', 'pregnant', 'thyroid_surgery',
       'I131_treatment', 'query_hypothyroid', 'query_hyperthyroid', 'lithium',
       'goitre', 'tumor', 'hypopituitary', 'psych', 'TSH_measured', 'TSH',
       'T3_measured', 'T3', 'TT4_measured', 'TT4', 'T4U_measured', 'T4U',
       'FTI_measured', 'FTI', 'TBG_measured', 'TBG', 'referral_source',
       'Class'],
      dtype='object')
[ 2023-05-09 23:06:31,424 ] 25 root - INFO - Dropping column: _id 
[ 2023-05-09 23:06:31,428 ] 27 root - INFO - Row and columns in df: (3772, 30)
[ 2023-05-09 23:06:31,429 ] 28 root - INFO - Columns in dataframe : Index(['age', 'sex', 'on_thyroxine', 'query_on_thyroxine',
       'on_antithyroid_medication', 'sick', 'pregnant', 'thyroid_surgery',
       'I131_treatment', 'query_hypothyroid', 'query_hyperthyroid', 'lithium',
       'goitre', 'tumor', 'hypopituitary', 'psych', 'TSH_measured', 'TSH',
       'T3_measured', 'T3', 'TT4_measured', 'TT4', 'T4U_measured', 'T4U',
       'FTI_measured', 'FTI', 'TBG_measured', 'TBG', 'referral_source',
       'Class'],
      dtype='object')
[ 2023-05-09 23:06:31,429 ] 29 root - INFO - >>>>>>>>>>>>>>>>>>>>>>>>>>>>>>>>>>>>>>>>*<<<<<<<<<<<<<<<<<<<<<<<<<<<<<<<<<<<<<<<<
[ 2023-05-09 23:06:31,429 ] 31 root - INFO -  age : float64
[ 2023-05-09 23:06:31,430 ] 31 root - INFO -  sex : object
[ 2023-05-09 23:06:31,430 ] 31 root - INFO -  on_thyroxine : object
[ 2023-05-09 23:06:31,430 ] 31 root - INFO -  query_on_thyroxine : object
[ 2023-05-09 23:06:31,430 ] 31 root - INFO -  on_antithyroid_medication : object
[ 2023-05-09 23:06:31,431 ] 31 root - INFO -  sick : object
[ 2023-05-09 23:06:31,431 ] 31 root - INFO -  pregnant : object
[ 2023-05-09 23:06:31,431 ] 31 root - INFO -  thyroid_surgery : object
[ 2023-05-09 23:06:31,431 ] 31 root - INFO -  I131_treatment : object
[ 2023-05-09 23:06:31,432 ] 31 root - INFO -  query_hypothyroid : object
[ 2023-05-09 23:06:31,432 ] 31 root - INFO -  query_hyperthyroid : object
[ 2023-05-09 23:06:31,432 ] 31 root - INFO -  lithium : object
[ 2023-05-09 23:06:31,432 ] 31 root - INFO -  goitre : object
[ 2023-05-09 23:06:31,433 ] 31 root - INFO -  tumor : object
[ 2023-05-09 23:06:31,433 ] 31 root - INFO -  hypopituitary : object
[ 2023-05-09 23:06:31,433 ] 31 root - INFO -  psych : object
[ 2023-05-09 23:06:31,433 ] 31 root - INFO -  TSH_measured : object
[ 2023-05-09 23:06:31,433 ] 31 root - INFO -  TSH : float64
[ 2023-05-09 23:06:31,434 ] 31 root - INFO -  T3_measured : object
[ 2023-05-09 23:06:31,434 ] 31 root - INFO -  T3 : float64
[ 2023-05-09 23:06:31,434 ] 31 root - INFO -  TT4_measured : object
[ 2023-05-09 23:06:31,434 ] 31 root - INFO -  TT4 : float64
[ 2023-05-09 23:06:31,435 ] 31 root - INFO -  T4U_measured : object
[ 2023-05-09 23:06:31,435 ] 31 root - INFO -  T4U : float64
[ 2023-05-09 23:06:31,435 ] 31 root - INFO -  FTI_measured : object
[ 2023-05-09 23:06:31,435 ] 31 root - INFO -  FTI : float64
[ 2023-05-09 23:06:31,436 ] 31 root - INFO -  TBG_measured : object
[ 2023-05-09 23:06:31,436 ] 31 root - INFO -  TBG : object
[ 2023-05-09 23:06:31,436 ] 31 root - INFO -  referral_source : object
[ 2023-05-09 23:06:31,436 ] 31 root - INFO -  Class : object
[ 2023-05-09 23:06:31,436 ] 28 root - INFO - Save data in feature store
[ 2023-05-09 23:06:31,453 ] 33 root - INFO - Any duplicate records:61
[ 2023-05-09 23:06:31,453 ] 36 root - INFO - Dropping duplicate record
[ 2023-05-09 23:06:31,474 ] 39 root - INFO -  Rechecking any duplicate record or not
[ 2023-05-09 23:06:31,498 ] 40 root - INFO - Duplicate record :0
[ 2023-05-09 23:06:31,499 ] 45 root - INFO - Create feature store folder if not available
[ 2023-05-09 23:06:31,501 ] 49 root - INFO - Save df to feature store folder
[ 2023-05-09 23:06:32,197 ] 55 root - INFO - split dataset into train and test set
[ 2023-05-09 23:06:32,201 ] 59 root - INFO - create dataset directory folder if not available
[ 2023-05-09 23:06:32,203 ] 64 root - INFO - Save df to feature store folder
[ 2023-05-09 23:06:32,291 ] 77 root - INFO - Data ingestion artifact: DataIngestionArtifact(feature_store_file_path='F:\\New folder\\ThyroidDetection\\artifact\\05092023__230625\\data_ingestion\\feature_store\\hypothyroid_data.csv', train_file_path='F:\\New folder\\ThyroidDetection\\artifact\\05092023__230625\\data_ingestion\\dataset\\train.csv', test_file_path='F:\\New folder\\ThyroidDetection\\artifact\\05092023__230625\\data_ingestion\\dataset\\test.csv')
[ 2023-05-09 23:06:32,294 ] 20 root - INFO - >>>>>>>>>>>>>>>>>>>>>>>>>>>>>>>>>>>>>>>> Data Validation <<<<<<<<<<<<<<<<<<<<<<<<<<<<<<<<<<<<<<<<
[ 2023-05-09 23:06:32,295 ] 188 root - INFO - Reading base dataframe
[ 2023-05-09 23:06:32,328 ] 191 root - INFO - Drop null values colums from base df
[ 2023-05-09 23:06:32,341 ] 40 root - INFO - selecting column name which contains null above to 0.3
[ 2023-05-09 23:06:32,341 ] 43 root - INFO - Columns to drop: ['TBG']
[ 2023-05-09 23:06:32,345 ] 194 root - INFO - Reading train dataframe
[ 2023-05-09 23:06:32,376 ] 196 root - INFO - Reading test dataframe
[ 2023-05-09 23:06:32,391 ] 200 root - INFO - Drop null values colums from train df
[ 2023-05-09 23:06:32,399 ] 40 root - INFO - selecting column name which contains null above to 0.3
[ 2023-05-09 23:06:32,400 ] 43 root - INFO - Columns to drop: ['TBG']
[ 2023-05-09 23:06:32,405 ] 202 root - INFO - Drop null values colums from test df
[ 2023-05-09 23:06:32,411 ] 40 root - INFO - selecting column name which contains null above to 0.3
[ 2023-05-09 23:06:32,412 ] 43 root - INFO - Columns to drop: ['TBG']
[ 2023-05-09 23:06:32,414 ] 205 root - INFO - Selected features from Feature selection technique Using REFCV are sex, on_thyroxine,query_on_thyroxine,on_antithyroid_medication,sick,pregnant,I131_treatment,tumor,hypopituitary,psych,TSH,T3,TT4, T4U,FTI
[ 2023-05-09 23:06:32,414 ] 207 root - INFO - Dropping unrelevent columns from base df
[ 2023-05-09 23:06:32,414 ] 59 root - INFO -  Dropping unrelevant columns from train and test file
[ 2023-05-09 23:06:32,415 ] 60 root - INFO -  Columns to drop :['thyroid_surgery', 'query_hypothyroid', 'query_hyperthyroid', 'lithium', 'goitre', 'TSH_measured', 'T3_measured', 'TT4_measured', 'T4U_measured', 'FTI_measured', 'TBG_measured', 'referral_source']
[ 2023-05-09 23:06:32,417 ] 210 root - INFO -  Dropping unrelevent columns from train_df
[ 2023-05-09 23:06:32,417 ] 59 root - INFO -  Dropping unrelevant columns from train and test file
[ 2023-05-09 23:06:32,417 ] 60 root - INFO -  Columns to drop :['thyroid_surgery', 'query_hypothyroid', 'query_hyperthyroid', 'lithium', 'goitre', 'TSH_measured', 'T3_measured', 'TT4_measured', 'T4U_measured', 'FTI_measured', 'TBG_measured', 'referral_source']
[ 2023-05-09 23:06:32,420 ] 213 root - INFO -  Dropping unrelevent columns from test_df
[ 2023-05-09 23:06:32,420 ] 59 root - INFO -  Dropping unrelevant columns from train and test file
[ 2023-05-09 23:06:32,421 ] 60 root - INFO -  Columns to drop :['thyroid_surgery', 'query_hypothyroid', 'query_hyperthyroid', 'lithium', 'goitre', 'TSH_measured', 'T3_measured', 'TT4_measured', 'T4U_measured', 'FTI_measured', 'TBG_measured', 'referral_source']
[ 2023-05-09 23:06:32,424 ] 219 root - INFO - Is all required columns present in train df
[ 2023-05-09 23:06:32,424 ] 221 root - INFO - Is all required columns present in test df
[ 2023-05-09 23:06:32,425 ] 226 root - INFO - As all column are available in train df hence detecting data drift
[ 2023-05-09 23:06:32,438 ] 146 root - INFO - Hypothesis age: float64, float64 
[ 2023-05-09 23:06:32,594 ] 146 root - INFO - Hypothesis TSH: float64, float64 
[ 2023-05-09 23:06:32,720 ] 146 root - INFO - Hypothesis T3: float64, float64 
[ 2023-05-09 23:06:32,995 ] 146 root - INFO - Hypothesis TT4: float64, float64 
[ 2023-05-09 23:06:33,156 ] 146 root - INFO - Hypothesis T4U: float64, float64 
[ 2023-05-09 23:06:33,282 ] 146 root - INFO - Hypothesis FTI: float64, float64 
[ 2023-05-09 23:06:33,498 ] 165 root - INFO - Hypothesis sex: object, object 
[ 2023-05-09 23:06:33,504 ] 165 root - INFO - Hypothesis on_thyroxine: object, object 
[ 2023-05-09 23:06:33,508 ] 165 root - INFO - Hypothesis query_on_thyroxine: object, object 
[ 2023-05-09 23:06:33,512 ] 165 root - INFO - Hypothesis on_antithyroid_medication: object, object 
[ 2023-05-09 23:06:33,517 ] 165 root - INFO - Hypothesis sick: object, object 
[ 2023-05-09 23:06:33,521 ] 165 root - INFO - Hypothesis pregnant: object, object 
[ 2023-05-09 23:06:33,526 ] 165 root - INFO - Hypothesis I131_treatment: object, object 
[ 2023-05-09 23:06:33,537 ] 165 root - INFO - Hypothesis tumor: object, object 
[ 2023-05-09 23:06:33,541 ] 165 root - INFO - Hypothesis hypopituitary: object, object 
[ 2023-05-09 23:06:33,544 ] 165 root - INFO - Hypothesis psych: object, object 
[ 2023-05-09 23:06:33,548 ] 165 root - INFO - Hypothesis Class: object, object 
[ 2023-05-09 23:06:33,552 ] 229 root - INFO - As all column are available in test df hence detecting data drift
[ 2023-05-09 23:06:33,575 ] 146 root - INFO - Hypothesis age: float64, float64 
[ 2023-05-09 23:06:33,819 ] 146 root - INFO - Hypothesis TSH: float64, float64 
[ 2023-05-09 23:06:34,086 ] 146 root - INFO - Hypothesis T3: float64, float64 
[ 2023-05-09 23:06:34,269 ] 146 root - INFO - Hypothesis TT4: float64, float64 
[ 2023-05-09 23:06:34,452 ] 146 root - INFO - Hypothesis T4U: float64, float64 
[ 2023-05-09 23:06:34,607 ] 146 root - INFO - Hypothesis FTI: float64, float64 
[ 2023-05-09 23:06:34,734 ] 165 root - INFO - Hypothesis sex: object, object 
[ 2023-05-09 23:06:34,737 ] 165 root - INFO - Hypothesis on_thyroxine: object, object 
[ 2023-05-09 23:06:34,740 ] 165 root - INFO - Hypothesis query_on_thyroxine: object, object 
[ 2023-05-09 23:06:34,744 ] 165 root - INFO - Hypothesis on_antithyroid_medication: object, object 
[ 2023-05-09 23:06:34,747 ] 165 root - INFO - Hypothesis sick: object, object 
[ 2023-05-09 23:06:34,750 ] 165 root - INFO - Hypothesis pregnant: object, object 
[ 2023-05-09 23:06:34,753 ] 165 root - INFO - Hypothesis I131_treatment: object, object 
[ 2023-05-09 23:06:34,756 ] 165 root - INFO - Hypothesis tumor: object, object 
[ 2023-05-09 23:06:34,759 ] 165 root - INFO - Hypothesis hypopituitary: object, object 
[ 2023-05-09 23:06:34,763 ] 165 root - INFO - Hypothesis psych: object, object 
[ 2023-05-09 23:06:34,767 ] 165 root - INFO - Hypothesis Class: object, object 
[ 2023-05-09 23:06:34,770 ] 234 root - INFO - Write reprt in yaml file
[ 2023-05-09 23:06:34,829 ] 237 root - INFO - Index(['age', 'sex', 'on_thyroxine', 'query_on_thyroxine',
       'on_antithyroid_medication', 'sick', 'pregnant', 'I131_treatment',
       'tumor', 'hypopituitary', 'psych', 'TSH', 'T3', 'TT4', 'T4U', 'FTI',
       'Class'],
      dtype='object')
[ 2023-05-09 23:06:34,830 ] 238 root - INFO - Index(['age', 'sex', 'on_thyroxine', 'query_on_thyroxine',
       'on_antithyroid_medication', 'sick', 'pregnant', 'I131_treatment',
       'tumor', 'hypopituitary', 'psych', 'TSH', 'T3', 'TT4', 'T4U', 'FTI',
       'Class'],
      dtype='object')
[ 2023-05-09 23:06:34,831 ] 239 root - INFO - Index(['age', 'sex', 'on_thyroxine', 'query_on_thyroxine',
       'on_antithyroid_medication', 'sick', 'pregnant', 'I131_treatment',
       'tumor', 'hypopituitary', 'psych', 'TSH', 'T3', 'TT4', 'T4U', 'FTI',
       'Class'],
      dtype='object')
[ 2023-05-09 23:06:34,832 ] 242 root - INFO - Data validation artifact: DataValidationArtifact(report_file_path='F:\\New folder\\ThyroidDetection\\artifact\\05092023__230625\\data_validation\\report.yaml')
[ 2023-05-09 23:06:34,835 ] 30 root - INFO - >>>>>>>>>>>>>>>>>>>>>>>>>>>>>>>>>>>>>>>> Data Transformation <<<<<<<<<<<<<<<<<<<<<<<<<<<<<<<<<<<<<<<<
[ 2023-05-09 23:06:35,241 ] 89 root - INFO - Before resampling in training set Input: (2968, 16) Target:(2968,)
[ 2023-05-09 23:06:35,255 ] 91 root - INFO - After resampling in training set Input: (10940, 16) Target:(10940,)
[ 2023-05-09 23:06:35,256 ] 93 root - INFO - Before resampling in testing set Input: (743, 16) Target:(743,)
[ 2023-05-09 23:06:35,262 ] 95 root - INFO - After resampling in testing set Input: (2055, 16) Target:(2055,)
[ 2023-05-09 23:06:35,323 ] 61 root - INFO - Entered the save_object method of utils
[ 2023-05-09 23:06:35,345 ] 65 root - INFO - Exited the save_object method of utils
[ 2023-05-09 23:06:35,346 ] 61 root - INFO - Entered the save_object method of utils
[ 2023-05-09 23:06:35,359 ] 65 root - INFO - Exited the save_object method of utils
[ 2023-05-09 23:06:35,359 ] 126 root - INFO - Data transformation object DataTransformationArtifact(transform_object_path='F:\\New folder\\ThyroidDetection\\artifact\\05092023__230625\\data_transformation\\transformer\\transformer.pkl', transformed_train_path='F:\\New folder\\ThyroidDetection\\artifact\\05092023__230625\\data_transformation\\transformed\\train.npz', transformed_test_path='F:\\New folder\\ThyroidDetection\\artifact\\05092023__230625\\data_transformation\\transformed\\test.npz', target_encoder_path='F:\\New folder\\ThyroidDetection\\artifact\\05092023__230625\\data_transformation\\target_encoder\\target_encoder.pkl')
[ 2023-05-09 23:06:35,364 ] 16 root - INFO - >>>>>>>>>>>>>>>>>>>>>>>>>>>>>>>>>>>>>>>> Model Trainer <<<<<<<<<<<<<<<<<<<<<<<<<<<<<<<<<<<<<<<<
[ 2023-05-09 23:06:35,365 ] 34 root - INFO - loading train and test numpy array for model training 
[ 2023-05-09 23:06:35,376 ] 39 root - INFO - Splitting input and target feature from both train and test arr.
[ 2023-05-09 23:06:35,384 ] 43 root - INFO - Train the model
[ 2023-05-09 23:06:35,567 ] 46 root - INFO - Calculating f1 train score
[ 2023-05-09 23:06:35,646 ] 50 root - INFO - Calculating recall train score
[ 2023-05-09 23:06:35,707 ] 54 root - INFO -  Calculating f1 test score 
[ 2023-05-09 23:06:35,725 ] 59 root - INFO -  Calculating recall test score
[ 2023-05-09 23:06:35,735 ] 63 root - INFO - train score:1.0 and tests score 0.8875912408759125
[ 2023-05-09 23:06:35,736 ] 65 root - INFO - Checking if our model is underfitting or not
[ 2023-05-09 23:06:35,736 ] 70 root - INFO - Checking if our model is overfiiting or not
