[ 2023-05-09 22:41:34,812 ] 157 numexpr.utils - INFO - NumExpr defaulting to 4 threads.
[ 2023-05-09 22:41:40,404 ] 15 root - INFO - >>>>>>>>>>>>>>>>>>>>>>>>>>>>>>>>>>>>>>>> Data Ingestion <<<<<<<<<<<<<<<<<<<<<<<<<<<<<<<<<<<<<<<<
[ 2023-05-09 22:41:40,404 ] 22 root - INFO - Exporting collection data as pandas dataframe
[ 2023-05-09 22:41:40,404 ] 21 root - INFO - Reading data from database: HealthCare and collection: thyroid_data
[ 2023-05-09 22:41:46,233 ] 23 root - INFO - Found columns: Index(['_id', 'age', 'sex', 'on_thyroxine', 'query_on_thyroxine',
       'on_antithyroid_medication', 'sick', 'pregnant', 'thyroid_surgery',
       'I131_treatment', 'query_hypothyroid', 'query_hyperthyroid', 'lithium',
       'goitre', 'tumor', 'hypopituitary', 'psych', 'TSH_measured', 'TSH',
       'T3_measured', 'T3', 'TT4_measured', 'TT4', 'T4U_measured', 'T4U',
       'FTI_measured', 'FTI', 'TBG_measured', 'TBG', 'referral_source',
       'Class'],
      dtype='object')
[ 2023-05-09 22:41:46,235 ] 25 root - INFO - Dropping column: _id 
[ 2023-05-09 22:41:46,239 ] 27 root - INFO - Row and columns in df: (3772, 30)
[ 2023-05-09 22:41:46,239 ] 28 root - INFO - Columns in dataframe : Index(['age', 'sex', 'on_thyroxine', 'query_on_thyroxine',
       'on_antithyroid_medication', 'sick', 'pregnant', 'thyroid_surgery',
       'I131_treatment', 'query_hypothyroid', 'query_hyperthyroid', 'lithium',
       'goitre', 'tumor', 'hypopituitary', 'psych', 'TSH_measured', 'TSH',
       'T3_measured', 'T3', 'TT4_measured', 'TT4', 'T4U_measured', 'T4U',
       'FTI_measured', 'FTI', 'TBG_measured', 'TBG', 'referral_source',
       'Class'],
      dtype='object')
[ 2023-05-09 22:41:46,240 ] 29 root - INFO - >>>>>>>>>>>>>>>>>>>>>>>>>>>>>>>>>>>>>>>>*<<<<<<<<<<<<<<<<<<<<<<<<<<<<<<<<<<<<<<<<
[ 2023-05-09 22:41:46,240 ] 31 root - INFO -  age : float64
[ 2023-05-09 22:41:46,240 ] 31 root - INFO -  sex : object
[ 2023-05-09 22:41:46,241 ] 31 root - INFO -  on_thyroxine : object
[ 2023-05-09 22:41:46,241 ] 31 root - INFO -  query_on_thyroxine : object
[ 2023-05-09 22:41:46,241 ] 31 root - INFO -  on_antithyroid_medication : object
[ 2023-05-09 22:41:46,241 ] 31 root - INFO -  sick : object
[ 2023-05-09 22:41:46,241 ] 31 root - INFO -  pregnant : object
[ 2023-05-09 22:41:46,242 ] 31 root - INFO -  thyroid_surgery : object
[ 2023-05-09 22:41:46,242 ] 31 root - INFO -  I131_treatment : object
[ 2023-05-09 22:41:46,242 ] 31 root - INFO -  query_hypothyroid : object
[ 2023-05-09 22:41:46,243 ] 31 root - INFO -  query_hyperthyroid : object
[ 2023-05-09 22:41:46,243 ] 31 root - INFO -  lithium : object
[ 2023-05-09 22:41:46,243 ] 31 root - INFO -  goitre : object
[ 2023-05-09 22:41:46,243 ] 31 root - INFO -  tumor : object
[ 2023-05-09 22:41:46,244 ] 31 root - INFO -  hypopituitary : object
[ 2023-05-09 22:41:46,244 ] 31 root - INFO -  psych : object
[ 2023-05-09 22:41:46,244 ] 31 root - INFO -  TSH_measured : object
[ 2023-05-09 22:41:46,244 ] 31 root - INFO -  TSH : float64
[ 2023-05-09 22:41:46,244 ] 31 root - INFO -  T3_measured : object
[ 2023-05-09 22:41:46,245 ] 31 root - INFO -  T3 : float64
[ 2023-05-09 22:41:46,245 ] 31 root - INFO -  TT4_measured : object
[ 2023-05-09 22:41:46,245 ] 31 root - INFO -  TT4 : float64
[ 2023-05-09 22:41:46,245 ] 31 root - INFO -  T4U_measured : object
[ 2023-05-09 22:41:46,246 ] 31 root - INFO -  T4U : float64
[ 2023-05-09 22:41:46,246 ] 31 root - INFO -  FTI_measured : object
[ 2023-05-09 22:41:46,246 ] 31 root - INFO -  FTI : float64
[ 2023-05-09 22:41:46,246 ] 31 root - INFO -  TBG_measured : object
[ 2023-05-09 22:41:46,247 ] 31 root - INFO -  TBG : object
[ 2023-05-09 22:41:46,247 ] 31 root - INFO -  referral_source : object
[ 2023-05-09 22:41:46,247 ] 31 root - INFO -  Class : object
[ 2023-05-09 22:41:46,247 ] 28 root - INFO - Save data in feature store
[ 2023-05-09 22:41:46,265 ] 33 root - INFO - Any duplicate records:61
[ 2023-05-09 22:41:46,265 ] 36 root - INFO - Dropping duplicate record
[ 2023-05-09 22:41:46,284 ] 39 root - INFO -  Rechecking any duplicate record or not
[ 2023-05-09 22:41:46,305 ] 40 root - INFO - Duplicate record :0
[ 2023-05-09 22:41:46,305 ] 45 root - INFO - Create feature store folder if not available
[ 2023-05-09 22:41:46,319 ] 49 root - INFO - Save df to feature store folder
[ 2023-05-09 22:41:46,384 ] 55 root - INFO - split dataset into train and test set
[ 2023-05-09 22:41:46,388 ] 59 root - INFO - create dataset directory folder if not available
[ 2023-05-09 22:41:46,389 ] 64 root - INFO - Save df to feature store folder
[ 2023-05-09 22:41:46,446 ] 77 root - INFO - Data ingestion artifact: DataIngestionArtifact(feature_store_file_path='F:\\New folder\\ThyroidDetection\\artifact\\05092023__224140\\data_ingestion\\feature_store\\hypothyroid_data.csv', train_file_path='F:\\New folder\\ThyroidDetection\\artifact\\05092023__224140\\data_ingestion\\dataset\\train.csv', test_file_path='F:\\New folder\\ThyroidDetection\\artifact\\05092023__224140\\data_ingestion\\dataset\\test.csv')
[ 2023-05-09 22:41:46,450 ] 20 root - INFO - >>>>>>>>>>>>>>>>>>>>>>>>>>>>>>>>>>>>>>>> Data Validation <<<<<<<<<<<<<<<<<<<<<<<<<<<<<<<<<<<<<<<<
[ 2023-05-09 22:41:46,450 ] 188 root - INFO - Reading base dataframe
[ 2023-05-09 22:41:46,478 ] 191 root - INFO - Drop null values colums from base df
[ 2023-05-09 22:41:46,486 ] 40 root - INFO - selecting column name which contains null above to 0.3
[ 2023-05-09 22:41:46,487 ] 43 root - INFO - Columns to drop: ['TBG']
[ 2023-05-09 22:41:46,491 ] 194 root - INFO - Reading train dataframe
[ 2023-05-09 22:41:46,513 ] 196 root - INFO - Reading test dataframe
[ 2023-05-09 22:41:46,523 ] 200 root - INFO - Drop null values colums from train df
[ 2023-05-09 22:41:46,532 ] 40 root - INFO - selecting column name which contains null above to 0.3
[ 2023-05-09 22:41:46,532 ] 43 root - INFO - Columns to drop: ['TBG']
[ 2023-05-09 22:41:46,535 ] 202 root - INFO - Drop null values colums from test df
[ 2023-05-09 22:41:46,538 ] 40 root - INFO - selecting column name which contains null above to 0.3
[ 2023-05-09 22:41:46,539 ] 43 root - INFO - Columns to drop: ['TBG']
[ 2023-05-09 22:41:46,540 ] 205 root - INFO - Selected features from Feature selection technique Using REFCV are sex, on_thyroxine,query_on_thyroxine,on_antithyroid_medication,sick,pregnant,I131_treatment,tumor,hypopituitary,psych,TSH,T3,TT4, T4U,FTI
[ 2023-05-09 22:41:46,541 ] 207 root - INFO - Dropping unrelevent columns from base df
[ 2023-05-09 22:41:46,541 ] 59 root - INFO -  Dropping unrelevant columns from train and test file
[ 2023-05-09 22:41:46,541 ] 60 root - INFO -  Columns to drop :['query_on_thyroxine', 'query_hypothyroid', 'query_hyperthyroid', 'lithium', 'goitre', 'TSH_measured', 'T3_measured', 'TT4_measured', 'T4U_measured', 'FTI_measured', 'TBG_measured', 'referral_source']
[ 2023-05-09 22:41:46,544 ] 210 root - INFO -  Dropping unrelevent columns from train_df
[ 2023-05-09 22:41:46,545 ] 59 root - INFO -  Dropping unrelevant columns from train and test file
[ 2023-05-09 22:41:46,545 ] 60 root - INFO -  Columns to drop :['query_on_thyroxine', 'query_hypothyroid', 'query_hyperthyroid', 'lithium', 'goitre', 'TSH_measured', 'T3_measured', 'TT4_measured', 'T4U_measured', 'FTI_measured', 'TBG_measured', 'referral_source']
[ 2023-05-09 22:41:46,547 ] 213 root - INFO -  Dropping unrelevent columns from test_df
[ 2023-05-09 22:41:46,547 ] 59 root - INFO -  Dropping unrelevant columns from train and test file
[ 2023-05-09 22:41:46,547 ] 60 root - INFO -  Columns to drop :['query_on_thyroxine', 'query_hypothyroid', 'query_hyperthyroid', 'lithium', 'goitre', 'TSH_measured', 'T3_measured', 'TT4_measured', 'T4U_measured', 'FTI_measured', 'TBG_measured', 'referral_source']
[ 2023-05-09 22:41:46,549 ] 219 root - INFO - Is all required columns present in train df
[ 2023-05-09 22:41:46,549 ] 221 root - INFO - Is all required columns present in test df
[ 2023-05-09 22:41:46,549 ] 226 root - INFO - As all column are available in train df hence detecting data drift
[ 2023-05-09 22:41:46,559 ] 146 root - INFO - Hypothesis age: float64, float64 
[ 2023-05-09 22:41:46,661 ] 146 root - INFO - Hypothesis TSH: float64, float64 
[ 2023-05-09 22:41:46,763 ] 146 root - INFO - Hypothesis T3: float64, float64 
[ 2023-05-09 22:41:46,870 ] 146 root - INFO - Hypothesis TT4: float64, float64 
[ 2023-05-09 22:41:47,024 ] 146 root - INFO - Hypothesis T4U: float64, float64 
[ 2023-05-09 22:41:47,147 ] 146 root - INFO - Hypothesis FTI: float64, float64 
[ 2023-05-09 22:41:47,258 ] 165 root - INFO - Hypothesis sex: object, object 
[ 2023-05-09 22:41:47,260 ] 165 root - INFO - Hypothesis on_thyroxine: object, object 
[ 2023-05-09 22:41:47,261 ] 165 root - INFO - Hypothesis on_antithyroid_medication: object, object 
[ 2023-05-09 22:41:47,263 ] 165 root - INFO - Hypothesis sick: object, object 
[ 2023-05-09 22:41:47,264 ] 165 root - INFO - Hypothesis pregnant: object, object 
[ 2023-05-09 22:41:47,265 ] 165 root - INFO - Hypothesis thyroid_surgery: object, object 
[ 2023-05-09 22:41:47,266 ] 165 root - INFO - Hypothesis I131_treatment: object, object 
[ 2023-05-09 22:41:47,268 ] 165 root - INFO - Hypothesis tumor: object, object 
[ 2023-05-09 22:41:47,269 ] 165 root - INFO - Hypothesis hypopituitary: object, object 
[ 2023-05-09 22:41:47,270 ] 165 root - INFO - Hypothesis psych: object, object 
[ 2023-05-09 22:41:47,271 ] 165 root - INFO - Hypothesis Class: object, object 
[ 2023-05-09 22:41:47,272 ] 229 root - INFO - As all column are available in test df hence detecting data drift
[ 2023-05-09 22:41:47,279 ] 146 root - INFO - Hypothesis age: float64, float64 
[ 2023-05-09 22:41:47,387 ] 146 root - INFO - Hypothesis TSH: float64, float64 
[ 2023-05-09 22:41:47,492 ] 146 root - INFO - Hypothesis T3: float64, float64 
[ 2023-05-09 22:41:47,591 ] 146 root - INFO - Hypothesis TT4: float64, float64 
[ 2023-05-09 22:41:47,907 ] 146 root - INFO - Hypothesis T4U: float64, float64 
[ 2023-05-09 22:41:48,125 ] 146 root - INFO - Hypothesis FTI: float64, float64 
[ 2023-05-09 22:41:48,222 ] 165 root - INFO - Hypothesis sex: object, object 
[ 2023-05-09 22:41:48,224 ] 165 root - INFO - Hypothesis on_thyroxine: object, object 
[ 2023-05-09 22:41:48,225 ] 165 root - INFO - Hypothesis on_antithyroid_medication: object, object 
[ 2023-05-09 22:41:48,226 ] 165 root - INFO - Hypothesis sick: object, object 
[ 2023-05-09 22:41:48,228 ] 165 root - INFO - Hypothesis pregnant: object, object 
[ 2023-05-09 22:41:48,230 ] 165 root - INFO - Hypothesis thyroid_surgery: object, object 
[ 2023-05-09 22:41:48,233 ] 165 root - INFO - Hypothesis I131_treatment: object, object 
[ 2023-05-09 22:41:48,236 ] 165 root - INFO - Hypothesis tumor: object, object 
[ 2023-05-09 22:41:48,239 ] 165 root - INFO - Hypothesis hypopituitary: object, object 
[ 2023-05-09 22:41:48,242 ] 165 root - INFO - Hypothesis psych: object, object 
[ 2023-05-09 22:41:48,244 ] 165 root - INFO - Hypothesis Class: object, object 
[ 2023-05-09 22:41:48,246 ] 234 root - INFO - Write reprt in yaml file
[ 2023-05-09 22:41:48,274 ] 237 root - INFO - Index(['age', 'sex', 'on_thyroxine', 'on_antithyroid_medication', 'sick',
       'pregnant', 'thyroid_surgery', 'I131_treatment', 'tumor',
       'hypopituitary', 'psych', 'TSH', 'T3', 'TT4', 'T4U', 'FTI', 'Class'],
      dtype='object')
[ 2023-05-09 22:41:48,274 ] 238 root - INFO - Index(['age', 'sex', 'on_thyroxine', 'on_antithyroid_medication', 'sick',
       'pregnant', 'thyroid_surgery', 'I131_treatment', 'tumor',
       'hypopituitary', 'psych', 'TSH', 'T3', 'TT4', 'T4U', 'FTI', 'Class'],
      dtype='object')
[ 2023-05-09 22:41:48,275 ] 239 root - INFO - Index(['age', 'sex', 'on_thyroxine', 'on_antithyroid_medication', 'sick',
       'pregnant', 'thyroid_surgery', 'I131_treatment', 'tumor',
       'hypopituitary', 'psych', 'TSH', 'T3', 'TT4', 'T4U', 'FTI', 'Class'],
      dtype='object')
[ 2023-05-09 22:41:48,275 ] 242 root - INFO - Data validation artifact: DataValidationArtifact(report_file_path='F:\\New folder\\ThyroidDetection\\artifact\\05092023__224140\\data_validation\\report.yaml')
