[ 2023-05-09 22:53:08,516 ] 157 numexpr.utils - INFO - NumExpr defaulting to 4 threads.
[ 2023-05-09 22:53:11,737 ] 15 root - INFO - >>>>>>>>>>>>>>>>>>>>>>>>>>>>>>>>>>>>>>>> Data Ingestion <<<<<<<<<<<<<<<<<<<<<<<<<<<<<<<<<<<<<<<<
[ 2023-05-09 22:53:11,738 ] 22 root - INFO - Exporting collection data as pandas dataframe
[ 2023-05-09 22:53:11,738 ] 21 root - INFO - Reading data from database: HealthCare and collection: thyroid_data
[ 2023-05-09 22:53:15,062 ] 23 root - INFO - Found columns: Index(['_id', 'age', 'sex', 'on_thyroxine', 'query_on_thyroxine',
       'on_antithyroid_medication', 'sick', 'pregnant', 'thyroid_surgery',
       'I131_treatment', 'query_hypothyroid', 'query_hyperthyroid', 'lithium',
       'goitre', 'tumor', 'hypopituitary', 'psych', 'TSH_measured', 'TSH',
       'T3_measured', 'T3', 'TT4_measured', 'TT4', 'T4U_measured', 'T4U',
       'FTI_measured', 'FTI', 'TBG_measured', 'TBG', 'referral_source',
       'Class'],
      dtype='object')
[ 2023-05-09 22:53:15,064 ] 25 root - INFO - Dropping column: _id 
[ 2023-05-09 22:53:15,068 ] 27 root - INFO - Row and columns in df: (3772, 30)
[ 2023-05-09 22:53:15,069 ] 28 root - INFO - Columns in dataframe : Index(['age', 'sex', 'on_thyroxine', 'query_on_thyroxine',
       'on_antithyroid_medication', 'sick', 'pregnant', 'thyroid_surgery',
       'I131_treatment', 'query_hypothyroid', 'query_hyperthyroid', 'lithium',
       'goitre', 'tumor', 'hypopituitary', 'psych', 'TSH_measured', 'TSH',
       'T3_measured', 'T3', 'TT4_measured', 'TT4', 'T4U_measured', 'T4U',
       'FTI_measured', 'FTI', 'TBG_measured', 'TBG', 'referral_source',
       'Class'],
      dtype='object')
[ 2023-05-09 22:53:15,069 ] 29 root - INFO - >>>>>>>>>>>>>>>>>>>>>>>>>>>>>>>>>>>>>>>>*<<<<<<<<<<<<<<<<<<<<<<<<<<<<<<<<<<<<<<<<
[ 2023-05-09 22:53:15,070 ] 31 root - INFO -  age : float64
[ 2023-05-09 22:53:15,070 ] 31 root - INFO -  sex : object
[ 2023-05-09 22:53:15,070 ] 31 root - INFO -  on_thyroxine : object
[ 2023-05-09 22:53:15,070 ] 31 root - INFO -  query_on_thyroxine : object
[ 2023-05-09 22:53:15,071 ] 31 root - INFO -  on_antithyroid_medication : object
[ 2023-05-09 22:53:15,071 ] 31 root - INFO -  sick : object
[ 2023-05-09 22:53:15,071 ] 31 root - INFO -  pregnant : object
[ 2023-05-09 22:53:15,071 ] 31 root - INFO -  thyroid_surgery : object
[ 2023-05-09 22:53:15,072 ] 31 root - INFO -  I131_treatment : object
[ 2023-05-09 22:53:15,072 ] 31 root - INFO -  query_hypothyroid : object
[ 2023-05-09 22:53:15,072 ] 31 root - INFO -  query_hyperthyroid : object
[ 2023-05-09 22:53:15,072 ] 31 root - INFO -  lithium : object
[ 2023-05-09 22:53:15,073 ] 31 root - INFO -  goitre : object
[ 2023-05-09 22:53:15,073 ] 31 root - INFO -  tumor : object
[ 2023-05-09 22:53:15,073 ] 31 root - INFO -  hypopituitary : object
[ 2023-05-09 22:53:15,073 ] 31 root - INFO -  psych : object
[ 2023-05-09 22:53:15,073 ] 31 root - INFO -  TSH_measured : object
[ 2023-05-09 22:53:15,074 ] 31 root - INFO -  TSH : float64
[ 2023-05-09 22:53:15,074 ] 31 root - INFO -  T3_measured : object
[ 2023-05-09 22:53:15,074 ] 31 root - INFO -  T3 : float64
[ 2023-05-09 22:53:15,074 ] 31 root - INFO -  TT4_measured : object
[ 2023-05-09 22:53:15,075 ] 31 root - INFO -  TT4 : float64
[ 2023-05-09 22:53:15,075 ] 31 root - INFO -  T4U_measured : object
[ 2023-05-09 22:53:15,075 ] 31 root - INFO -  T4U : float64
[ 2023-05-09 22:53:15,075 ] 31 root - INFO -  FTI_measured : object
[ 2023-05-09 22:53:15,076 ] 31 root - INFO -  FTI : float64
[ 2023-05-09 22:53:15,076 ] 31 root - INFO -  TBG_measured : object
[ 2023-05-09 22:53:15,076 ] 31 root - INFO -  TBG : object
[ 2023-05-09 22:53:15,076 ] 31 root - INFO -  referral_source : object
[ 2023-05-09 22:53:15,077 ] 31 root - INFO -  Class : object
[ 2023-05-09 22:53:15,077 ] 28 root - INFO - Save data in feature store
[ 2023-05-09 22:53:15,093 ] 33 root - INFO - Any duplicate records:61
[ 2023-05-09 22:53:15,093 ] 36 root - INFO - Dropping duplicate record
[ 2023-05-09 22:53:15,111 ] 39 root - INFO -  Rechecking any duplicate record or not
[ 2023-05-09 22:53:15,130 ] 40 root - INFO - Duplicate record :0
[ 2023-05-09 22:53:15,130 ] 45 root - INFO - Create feature store folder if not available
[ 2023-05-09 22:53:15,132 ] 49 root - INFO - Save df to feature store folder
[ 2023-05-09 22:53:15,274 ] 55 root - INFO - split dataset into train and test set
[ 2023-05-09 22:53:15,281 ] 59 root - INFO - create dataset directory folder if not available
[ 2023-05-09 22:53:15,282 ] 64 root - INFO - Save df to feature store folder
[ 2023-05-09 22:53:15,409 ] 77 root - INFO - Data ingestion artifact: DataIngestionArtifact(feature_store_file_path='F:\\New folder\\ThyroidDetection\\artifact\\05092023__225311\\data_ingestion\\feature_store\\hypothyroid_data.csv', train_file_path='F:\\New folder\\ThyroidDetection\\artifact\\05092023__225311\\data_ingestion\\dataset\\train.csv', test_file_path='F:\\New folder\\ThyroidDetection\\artifact\\05092023__225311\\data_ingestion\\dataset\\test.csv')
[ 2023-05-09 22:53:15,413 ] 20 root - INFO - >>>>>>>>>>>>>>>>>>>>>>>>>>>>>>>>>>>>>>>> Data Validation <<<<<<<<<<<<<<<<<<<<<<<<<<<<<<<<<<<<<<<<
[ 2023-05-09 22:53:15,413 ] 188 root - INFO - Reading base dataframe
[ 2023-05-09 22:53:15,447 ] 191 root - INFO - Drop null values colums from base df
[ 2023-05-09 22:53:15,463 ] 40 root - INFO - selecting column name which contains null above to 0.3
[ 2023-05-09 22:53:15,464 ] 43 root - INFO - Columns to drop: ['TBG']
[ 2023-05-09 22:53:15,469 ] 194 root - INFO - Reading train dataframe
[ 2023-05-09 22:53:15,529 ] 196 root - INFO - Reading test dataframe
[ 2023-05-09 22:53:15,542 ] 200 root - INFO - Drop null values colums from train df
[ 2023-05-09 22:53:15,560 ] 40 root - INFO - selecting column name which contains null above to 0.3
[ 2023-05-09 22:53:15,560 ] 43 root - INFO - Columns to drop: ['TBG']
[ 2023-05-09 22:53:15,564 ] 202 root - INFO - Drop null values colums from test df
[ 2023-05-09 22:53:15,571 ] 40 root - INFO - selecting column name which contains null above to 0.3
[ 2023-05-09 22:53:15,572 ] 43 root - INFO - Columns to drop: ['TBG']
[ 2023-05-09 22:53:15,576 ] 205 root - INFO - Selected features from Feature selection technique Using REFCV are sex, on_thyroxine,query_on_thyroxine,on_antithyroid_medication,sick,pregnant,I131_treatment,tumor,hypopituitary,psych,TSH,T3,TT4, T4U,FTI
[ 2023-05-09 22:53:15,576 ] 207 root - INFO - Dropping unrelevent columns from base df
[ 2023-05-09 22:53:15,577 ] 59 root - INFO -  Dropping unrelevant columns from train and test file
[ 2023-05-09 22:53:15,577 ] 60 root - INFO -  Columns to drop :['thyroid_surgery', 'query_hypothyroid', 'query_hyperthyroid', 'lithium', 'goitre', 'TSH_measured', 'T3_measured', 'TT4_measured', 'T4U_measured', 'FTI_measured', 'TBG_measured', 'referral_source']
[ 2023-05-09 22:53:15,583 ] 210 root - INFO -  Dropping unrelevent columns from train_df
[ 2023-05-09 22:53:15,584 ] 59 root - INFO -  Dropping unrelevant columns from train and test file
[ 2023-05-09 22:53:15,584 ] 60 root - INFO -  Columns to drop :['thyroid_surgery', 'query_hypothyroid', 'query_hyperthyroid', 'lithium', 'goitre', 'TSH_measured', 'T3_measured', 'TT4_measured', 'T4U_measured', 'FTI_measured', 'TBG_measured', 'referral_source']
[ 2023-05-09 22:53:15,588 ] 213 root - INFO -  Dropping unrelevent columns from test_df
[ 2023-05-09 22:53:15,588 ] 59 root - INFO -  Dropping unrelevant columns from train and test file
[ 2023-05-09 22:53:15,589 ] 60 root - INFO -  Columns to drop :['thyroid_surgery', 'query_hypothyroid', 'query_hyperthyroid', 'lithium', 'goitre', 'TSH_measured', 'T3_measured', 'TT4_measured', 'T4U_measured', 'FTI_measured', 'TBG_measured', 'referral_source']
[ 2023-05-09 22:53:15,591 ] 219 root - INFO - Is all required columns present in train df
[ 2023-05-09 22:53:15,591 ] 221 root - INFO - Is all required columns present in test df
[ 2023-05-09 22:53:15,591 ] 226 root - INFO - As all column are available in train df hence detecting data drift
[ 2023-05-09 22:53:15,602 ] 146 root - INFO - Hypothesis age: float64, float64 
[ 2023-05-09 22:53:15,691 ] 146 root - INFO - Hypothesis TSH: float64, float64 
[ 2023-05-09 22:53:15,824 ] 146 root - INFO - Hypothesis T3: float64, float64 
[ 2023-05-09 22:53:15,937 ] 146 root - INFO - Hypothesis TT4: float64, float64 
[ 2023-05-09 22:53:16,035 ] 146 root - INFO - Hypothesis T4U: float64, float64 
[ 2023-05-09 22:53:16,125 ] 146 root - INFO - Hypothesis FTI: float64, float64 
[ 2023-05-09 22:53:16,215 ] 165 root - INFO - Hypothesis sex: object, object 
[ 2023-05-09 22:53:16,217 ] 165 root - INFO - Hypothesis on_thyroxine: object, object 
[ 2023-05-09 22:53:16,218 ] 165 root - INFO - Hypothesis query_on_thyroxine: object, object 
[ 2023-05-09 22:53:16,219 ] 165 root - INFO - Hypothesis on_antithyroid_medication: object, object 
[ 2023-05-09 22:53:16,220 ] 165 root - INFO - Hypothesis sick: object, object 
[ 2023-05-09 22:53:16,222 ] 165 root - INFO - Hypothesis pregnant: object, object 
[ 2023-05-09 22:53:16,223 ] 165 root - INFO - Hypothesis I131_treatment: object, object 
[ 2023-05-09 22:53:16,224 ] 165 root - INFO - Hypothesis tumor: object, object 
[ 2023-05-09 22:53:16,225 ] 165 root - INFO - Hypothesis hypopituitary: object, object 
[ 2023-05-09 22:53:16,226 ] 165 root - INFO - Hypothesis psych: object, object 
[ 2023-05-09 22:53:16,228 ] 165 root - INFO - Hypothesis Class: object, object 
[ 2023-05-09 22:53:16,229 ] 229 root - INFO - As all column are available in test df hence detecting data drift
[ 2023-05-09 22:53:16,236 ] 146 root - INFO - Hypothesis age: float64, float64 
[ 2023-05-09 22:53:16,351 ] 146 root - INFO - Hypothesis TSH: float64, float64 
[ 2023-05-09 22:53:16,494 ] 146 root - INFO - Hypothesis T3: float64, float64 
[ 2023-05-09 22:53:16,582 ] 146 root - INFO - Hypothesis TT4: float64, float64 
[ 2023-05-09 22:53:16,707 ] 146 root - INFO - Hypothesis T4U: float64, float64 
[ 2023-05-09 22:53:16,801 ] 146 root - INFO - Hypothesis FTI: float64, float64 
[ 2023-05-09 22:53:16,904 ] 165 root - INFO - Hypothesis sex: object, object 
[ 2023-05-09 22:53:16,905 ] 165 root - INFO - Hypothesis on_thyroxine: object, object 
[ 2023-05-09 22:53:16,907 ] 165 root - INFO - Hypothesis query_on_thyroxine: object, object 
[ 2023-05-09 22:53:16,908 ] 165 root - INFO - Hypothesis on_antithyroid_medication: object, object 
[ 2023-05-09 22:53:16,911 ] 165 root - INFO - Hypothesis sick: object, object 
[ 2023-05-09 22:53:16,913 ] 165 root - INFO - Hypothesis pregnant: object, object 
[ 2023-05-09 22:53:16,914 ] 165 root - INFO - Hypothesis I131_treatment: object, object 
[ 2023-05-09 22:53:16,916 ] 165 root - INFO - Hypothesis tumor: object, object 
[ 2023-05-09 22:53:16,917 ] 165 root - INFO - Hypothesis hypopituitary: object, object 
[ 2023-05-09 22:53:16,918 ] 165 root - INFO - Hypothesis psych: object, object 
[ 2023-05-09 22:53:16,919 ] 165 root - INFO - Hypothesis Class: object, object 
[ 2023-05-09 22:53:16,920 ] 234 root - INFO - Write reprt in yaml file
[ 2023-05-09 22:53:16,946 ] 237 root - INFO - Index(['age', 'sex', 'on_thyroxine', 'query_on_thyroxine',
       'on_antithyroid_medication', 'sick', 'pregnant', 'I131_treatment',
       'tumor', 'hypopituitary', 'psych', 'TSH', 'T3', 'TT4', 'T4U', 'FTI',
       'Class'],
      dtype='object')
[ 2023-05-09 22:53:16,946 ] 238 root - INFO - Index(['age', 'sex', 'on_thyroxine', 'query_on_thyroxine',
       'on_antithyroid_medication', 'sick', 'pregnant', 'I131_treatment',
       'tumor', 'hypopituitary', 'psych', 'TSH', 'T3', 'TT4', 'T4U', 'FTI',
       'Class'],
      dtype='object')
[ 2023-05-09 22:53:16,947 ] 239 root - INFO - Index(['age', 'sex', 'on_thyroxine', 'query_on_thyroxine',
       'on_antithyroid_medication', 'sick', 'pregnant', 'I131_treatment',
       'tumor', 'hypopituitary', 'psych', 'TSH', 'T3', 'TT4', 'T4U', 'FTI',
       'Class'],
      dtype='object')
[ 2023-05-09 22:53:16,947 ] 242 root - INFO - Data validation artifact: DataValidationArtifact(report_file_path='F:\\New folder\\ThyroidDetection\\artifact\\05092023__225311\\data_validation\\report.yaml')
[ 2023-05-09 22:53:16,948 ] 30 root - INFO - >>>>>>>>>>>>>>>>>>>>>>>>>>>>>>>>>>>>>>>> Data Transformation <<<<<<<<<<<<<<<<<<<<<<<<<<<<<<<<<<<<<<<<
[ 2023-05-09 22:53:17,096 ] 90 root - INFO - Before resampling in training set Input: (2968, 15) Target:(2968,)
[ 2023-05-09 22:53:17,105 ] 92 root - INFO - After resampling in training set Input: (10944, 15) Target:(10944,)
[ 2023-05-09 22:53:17,105 ] 94 root - INFO - Before resampling in testing set Input: (743, 15) Target:(743,)
[ 2023-05-09 22:53:17,111 ] 96 root - INFO - After resampling in testing set Input: (2052, 15) Target:(2052,)
[ 2023-05-09 22:53:17,128 ] 61 root - INFO - Entered the save_object method of utils
[ 2023-05-09 22:53:17,140 ] 65 root - INFO - Exited the save_object method of utils
[ 2023-05-09 22:53:17,141 ] 61 root - INFO - Entered the save_object method of utils
[ 2023-05-09 22:53:17,144 ] 65 root - INFO - Exited the save_object method of utils
[ 2023-05-09 22:53:17,144 ] 127 root - INFO - Data transformation object DataTransformationArtifact(transform_object_path='F:\\New folder\\ThyroidDetection\\artifact\\05092023__225311\\data_transformation\\transformer\\transformer.pkl', transformed_train_path='F:\\New folder\\ThyroidDetection\\artifact\\05092023__225311\\data_transformation\\transformed\\train.npz', transformed_test_path='F:\\New folder\\ThyroidDetection\\artifact\\05092023__225311\\data_transformation\\transformed\\test.npz', target_encoder_path='F:\\New folder\\ThyroidDetection\\artifact\\05092023__225311\\data_transformation\\target_encoder\\target_encoder.pkl')
[ 2023-05-09 22:53:17,154 ] 16 root - INFO - >>>>>>>>>>>>>>>>>>>>>>>>>>>>>>>>>>>>>>>> Model Trainer <<<<<<<<<<<<<<<<<<<<<<<<<<<<<<<<<<<<<<<<
[ 2023-05-09 22:53:17,154 ] 34 root - INFO - loading train and test numpy array for model training 
[ 2023-05-09 22:53:17,161 ] 39 root - INFO - Splitting input and target feature from both train and test arr.
[ 2023-05-09 22:53:17,161 ] 43 root - INFO - Train the model
[ 2023-05-09 22:53:17,192 ] 46 root - INFO - Calculating f1 train score
[ 2023-05-09 22:53:17,202 ] 50 root - INFO - Calculating recall train score
[ 2023-05-09 22:53:17,213 ] 54 root - INFO -  Calculating f1 test score 
[ 2023-05-09 22:53:17,217 ] 59 root - INFO -  Calculating recall test score
[ 2023-05-09 22:53:17,225 ] 63 root - INFO - train score:1.0 and tests score 0.689327485380117
[ 2023-05-09 22:53:17,225 ] 65 root - INFO - Checking if our model is underfitting or not
