[ 2023-05-09 23:18:46,759 ] 157 numexpr.utils - INFO - NumExpr defaulting to 4 threads.
[ 2023-05-09 23:18:53,365 ] 15 root - INFO - >>>>>>>>>>>>>>>>>>>>>>>>>>>>>>>>>>>>>>>> Data Ingestion <<<<<<<<<<<<<<<<<<<<<<<<<<<<<<<<<<<<<<<<
[ 2023-05-09 23:18:53,366 ] 22 root - INFO - Exporting collection data as pandas dataframe
[ 2023-05-09 23:18:53,367 ] 21 root - INFO - Reading data from database: HealthCare and collection: thyroid_data
[ 2023-05-09 23:18:56,888 ] 23 root - INFO - Found columns: Index(['_id', 'age', 'sex', 'on_thyroxine', 'query_on_thyroxine',
       'on_antithyroid_medication', 'sick', 'pregnant', 'thyroid_surgery',
       'I131_treatment', 'query_hypothyroid', 'query_hyperthyroid', 'lithium',
       'goitre', 'tumor', 'hypopituitary', 'psych', 'TSH_measured', 'TSH',
       'T3_measured', 'T3', 'TT4_measured', 'TT4', 'T4U_measured', 'T4U',
       'FTI_measured', 'FTI', 'TBG_measured', 'TBG', 'referral_source',
       'Class'],
      dtype='object')
[ 2023-05-09 23:18:56,890 ] 25 root - INFO - Dropping column: _id 
[ 2023-05-09 23:18:56,903 ] 27 root - INFO - Row and columns in df: (3772, 30)
[ 2023-05-09 23:18:56,905 ] 28 root - INFO - Columns in dataframe : Index(['age', 'sex', 'on_thyroxine', 'query_on_thyroxine',
       'on_antithyroid_medication', 'sick', 'pregnant', 'thyroid_surgery',
       'I131_treatment', 'query_hypothyroid', 'query_hyperthyroid', 'lithium',
       'goitre', 'tumor', 'hypopituitary', 'psych', 'TSH_measured', 'TSH',
       'T3_measured', 'T3', 'TT4_measured', 'TT4', 'T4U_measured', 'T4U',
       'FTI_measured', 'FTI', 'TBG_measured', 'TBG', 'referral_source',
       'Class'],
      dtype='object')
[ 2023-05-09 23:18:56,906 ] 29 root - INFO - >>>>>>>>>>>>>>>>>>>>>>>>>>>>>>>>>>>>>>>>*<<<<<<<<<<<<<<<<<<<<<<<<<<<<<<<<<<<<<<<<
[ 2023-05-09 23:18:56,908 ] 31 root - INFO -  age : float64
[ 2023-05-09 23:18:56,909 ] 31 root - INFO -  sex : object
[ 2023-05-09 23:18:56,910 ] 31 root - INFO -  on_thyroxine : object
[ 2023-05-09 23:18:56,911 ] 31 root - INFO -  query_on_thyroxine : object
[ 2023-05-09 23:18:56,912 ] 31 root - INFO -  on_antithyroid_medication : object
[ 2023-05-09 23:18:56,912 ] 31 root - INFO -  sick : object
[ 2023-05-09 23:18:56,913 ] 31 root - INFO -  pregnant : object
[ 2023-05-09 23:18:56,914 ] 31 root - INFO -  thyroid_surgery : object
[ 2023-05-09 23:18:56,918 ] 31 root - INFO -  I131_treatment : object
[ 2023-05-09 23:18:56,919 ] 31 root - INFO -  query_hypothyroid : object
[ 2023-05-09 23:18:56,920 ] 31 root - INFO -  query_hyperthyroid : object
[ 2023-05-09 23:18:56,921 ] 31 root - INFO -  lithium : object
[ 2023-05-09 23:18:56,922 ] 31 root - INFO -  goitre : object
[ 2023-05-09 23:18:56,923 ] 31 root - INFO -  tumor : object
[ 2023-05-09 23:18:56,924 ] 31 root - INFO -  hypopituitary : object
[ 2023-05-09 23:18:56,926 ] 31 root - INFO -  psych : object
[ 2023-05-09 23:18:56,927 ] 31 root - INFO -  TSH_measured : object
[ 2023-05-09 23:18:56,927 ] 31 root - INFO -  TSH : float64
[ 2023-05-09 23:18:56,928 ] 31 root - INFO -  T3_measured : object
[ 2023-05-09 23:18:56,929 ] 31 root - INFO -  T3 : float64
[ 2023-05-09 23:18:56,930 ] 31 root - INFO -  TT4_measured : object
[ 2023-05-09 23:18:56,930 ] 31 root - INFO -  TT4 : float64
[ 2023-05-09 23:18:56,931 ] 31 root - INFO -  T4U_measured : object
[ 2023-05-09 23:18:56,932 ] 31 root - INFO -  T4U : float64
[ 2023-05-09 23:18:56,932 ] 31 root - INFO -  FTI_measured : object
[ 2023-05-09 23:18:56,933 ] 31 root - INFO -  FTI : float64
[ 2023-05-09 23:18:56,934 ] 31 root - INFO -  TBG_measured : object
[ 2023-05-09 23:18:56,935 ] 31 root - INFO -  TBG : object
[ 2023-05-09 23:18:56,935 ] 31 root - INFO -  referral_source : object
[ 2023-05-09 23:18:56,936 ] 31 root - INFO -  Class : object
[ 2023-05-09 23:18:56,936 ] 28 root - INFO - Save data in feature store
[ 2023-05-09 23:18:57,001 ] 33 root - INFO - Any duplicate records:61
[ 2023-05-09 23:18:57,001 ] 36 root - INFO - Dropping duplicate record
[ 2023-05-09 23:18:57,071 ] 39 root - INFO -  Rechecking any duplicate record or not
[ 2023-05-09 23:18:57,140 ] 40 root - INFO - Duplicate record :0
[ 2023-05-09 23:18:57,140 ] 45 root - INFO - Create feature store folder if not available
[ 2023-05-09 23:18:57,145 ] 49 root - INFO - Save df to feature store folder
[ 2023-05-09 23:18:57,394 ] 55 root - INFO - split dataset into train and test set
[ 2023-05-09 23:18:57,404 ] 59 root - INFO - create dataset directory folder if not available
[ 2023-05-09 23:18:57,406 ] 64 root - INFO - Save df to feature store folder
[ 2023-05-09 23:18:57,641 ] 77 root - INFO - Data ingestion artifact: DataIngestionArtifact(feature_store_file_path='F:\\New folder\\ThyroidDetection\\artifact\\05092023__231853\\data_ingestion\\feature_store\\hypothyroid_data.csv', train_file_path='F:\\New folder\\ThyroidDetection\\artifact\\05092023__231853\\data_ingestion\\dataset\\train.csv', test_file_path='F:\\New folder\\ThyroidDetection\\artifact\\05092023__231853\\data_ingestion\\dataset\\test.csv')
[ 2023-05-09 23:18:57,648 ] 20 root - INFO - >>>>>>>>>>>>>>>>>>>>>>>>>>>>>>>>>>>>>>>> Data Validation <<<<<<<<<<<<<<<<<<<<<<<<<<<<<<<<<<<<<<<<
[ 2023-05-09 23:18:57,649 ] 188 root - INFO - Reading base dataframe
[ 2023-05-09 23:18:57,749 ] 191 root - INFO - Drop null values colums from base df
[ 2023-05-09 23:18:57,790 ] 40 root - INFO - selecting column name which contains null above to 0.3
[ 2023-05-09 23:18:57,794 ] 43 root - INFO - Columns to drop: ['TBG']
[ 2023-05-09 23:18:57,805 ] 194 root - INFO - Reading train dataframe
[ 2023-05-09 23:18:57,874 ] 196 root - INFO - Reading test dataframe
[ 2023-05-09 23:18:57,917 ] 200 root - INFO - Drop null values colums from train df
[ 2023-05-09 23:18:57,945 ] 40 root - INFO - selecting column name which contains null above to 0.3
[ 2023-05-09 23:18:57,948 ] 43 root - INFO - Columns to drop: ['TBG']
[ 2023-05-09 23:18:57,960 ] 202 root - INFO - Drop null values colums from test df
[ 2023-05-09 23:18:57,979 ] 40 root - INFO - selecting column name which contains null above to 0.3
[ 2023-05-09 23:18:57,982 ] 43 root - INFO - Columns to drop: ['TBG']
[ 2023-05-09 23:18:57,988 ] 205 root - INFO - Selected features from Feature selection technique Using REFCV are sex, on_thyroxine,query_on_thyroxine,on_antithyroid_medication,sick,pregnant,I131_treatment,tumor,hypopituitary,psych,TSH,T3,TT4, T4U,FTI
[ 2023-05-09 23:18:57,988 ] 207 root - INFO - Dropping unrelevent columns from base df
[ 2023-05-09 23:18:57,989 ] 59 root - INFO -  Dropping unrelevant columns from train and test file
[ 2023-05-09 23:18:57,989 ] 60 root - INFO -  Columns to drop :['thyroid_surgery', 'query_hypothyroid', 'query_hyperthyroid', 'lithium', 'goitre', 'TSH_measured', 'T3_measured', 'TT4_measured', 'T4U_measured', 'FTI_measured', 'TBG_measured', 'referral_source']
[ 2023-05-09 23:18:57,996 ] 210 root - INFO -  Dropping unrelevent columns from train_df
[ 2023-05-09 23:18:57,997 ] 59 root - INFO -  Dropping unrelevant columns from train and test file
[ 2023-05-09 23:18:57,997 ] 60 root - INFO -  Columns to drop :['thyroid_surgery', 'query_hypothyroid', 'query_hyperthyroid', 'lithium', 'goitre', 'TSH_measured', 'T3_measured', 'TT4_measured', 'T4U_measured', 'FTI_measured', 'TBG_measured', 'referral_source']
[ 2023-05-09 23:18:58,004 ] 213 root - INFO -  Dropping unrelevent columns from test_df
[ 2023-05-09 23:18:58,004 ] 59 root - INFO -  Dropping unrelevant columns from train and test file
[ 2023-05-09 23:18:58,005 ] 60 root - INFO -  Columns to drop :['thyroid_surgery', 'query_hypothyroid', 'query_hyperthyroid', 'lithium', 'goitre', 'TSH_measured', 'T3_measured', 'TT4_measured', 'T4U_measured', 'FTI_measured', 'TBG_measured', 'referral_source']
[ 2023-05-09 23:18:58,012 ] 219 root - INFO - Is all required columns present in train df
[ 2023-05-09 23:18:58,013 ] 221 root - INFO - Is all required columns present in test df
[ 2023-05-09 23:18:58,014 ] 226 root - INFO - As all column are available in train df hence detecting data drift
[ 2023-05-09 23:18:58,039 ] 146 root - INFO - Hypothesis age: float64, float64 
[ 2023-05-09 23:18:58,477 ] 146 root - INFO - Hypothesis TSH: float64, float64 
[ 2023-05-09 23:18:59,011 ] 146 root - INFO - Hypothesis T3: float64, float64 
[ 2023-05-09 23:18:59,750 ] 146 root - INFO - Hypothesis TT4: float64, float64 
[ 2023-05-09 23:19:00,591 ] 146 root - INFO - Hypothesis T4U: float64, float64 
[ 2023-05-09 23:19:01,012 ] 146 root - INFO - Hypothesis FTI: float64, float64 
[ 2023-05-09 23:19:01,278 ] 165 root - INFO - Hypothesis sex: object, object 
[ 2023-05-09 23:19:01,282 ] 165 root - INFO - Hypothesis on_thyroxine: object, object 
[ 2023-05-09 23:19:01,286 ] 165 root - INFO - Hypothesis query_on_thyroxine: object, object 
[ 2023-05-09 23:19:01,289 ] 165 root - INFO - Hypothesis on_antithyroid_medication: object, object 
[ 2023-05-09 23:19:01,293 ] 165 root - INFO - Hypothesis sick: object, object 
[ 2023-05-09 23:19:01,297 ] 165 root - INFO - Hypothesis pregnant: object, object 
[ 2023-05-09 23:19:01,300 ] 165 root - INFO - Hypothesis I131_treatment: object, object 
[ 2023-05-09 23:19:01,304 ] 165 root - INFO - Hypothesis tumor: object, object 
[ 2023-05-09 23:19:01,307 ] 165 root - INFO - Hypothesis hypopituitary: object, object 
[ 2023-05-09 23:19:01,311 ] 165 root - INFO - Hypothesis psych: object, object 
[ 2023-05-09 23:19:01,314 ] 165 root - INFO - Hypothesis Class: object, object 
[ 2023-05-09 23:19:01,317 ] 229 root - INFO - As all column are available in test df hence detecting data drift
[ 2023-05-09 23:19:01,337 ] 146 root - INFO - Hypothesis age: float64, float64 
[ 2023-05-09 23:19:01,586 ] 146 root - INFO - Hypothesis TSH: float64, float64 
[ 2023-05-09 23:19:01,837 ] 146 root - INFO - Hypothesis T3: float64, float64 
[ 2023-05-09 23:19:02,077 ] 146 root - INFO - Hypothesis TT4: float64, float64 
[ 2023-05-09 23:19:02,326 ] 146 root - INFO - Hypothesis T4U: float64, float64 
[ 2023-05-09 23:19:02,563 ] 146 root - INFO - Hypothesis FTI: float64, float64 
[ 2023-05-09 23:19:02,803 ] 165 root - INFO - Hypothesis sex: object, object 
[ 2023-05-09 23:19:02,807 ] 165 root - INFO - Hypothesis on_thyroxine: object, object 
[ 2023-05-09 23:19:02,810 ] 165 root - INFO - Hypothesis query_on_thyroxine: object, object 
[ 2023-05-09 23:19:02,813 ] 165 root - INFO - Hypothesis on_antithyroid_medication: object, object 
[ 2023-05-09 23:19:02,816 ] 165 root - INFO - Hypothesis sick: object, object 
[ 2023-05-09 23:19:02,819 ] 165 root - INFO - Hypothesis pregnant: object, object 
[ 2023-05-09 23:19:02,823 ] 165 root - INFO - Hypothesis I131_treatment: object, object 
[ 2023-05-09 23:19:02,826 ] 165 root - INFO - Hypothesis tumor: object, object 
[ 2023-05-09 23:19:02,829 ] 165 root - INFO - Hypothesis hypopituitary: object, object 
[ 2023-05-09 23:19:02,832 ] 165 root - INFO - Hypothesis psych: object, object 
[ 2023-05-09 23:19:02,835 ] 165 root - INFO - Hypothesis Class: object, object 
[ 2023-05-09 23:19:02,838 ] 234 root - INFO - Write reprt in yaml file
[ 2023-05-09 23:19:02,890 ] 237 root - INFO - Index(['age', 'sex', 'on_thyroxine', 'query_on_thyroxine',
       'on_antithyroid_medication', 'sick', 'pregnant', 'I131_treatment',
       'tumor', 'hypopituitary', 'psych', 'TSH', 'T3', 'TT4', 'T4U', 'FTI',
       'Class'],
      dtype='object')
[ 2023-05-09 23:19:02,891 ] 238 root - INFO - Index(['age', 'sex', 'on_thyroxine', 'query_on_thyroxine',
       'on_antithyroid_medication', 'sick', 'pregnant', 'I131_treatment',
       'tumor', 'hypopituitary', 'psych', 'TSH', 'T3', 'TT4', 'T4U', 'FTI',
       'Class'],
      dtype='object')
[ 2023-05-09 23:19:02,893 ] 239 root - INFO - Index(['age', 'sex', 'on_thyroxine', 'query_on_thyroxine',
       'on_antithyroid_medication', 'sick', 'pregnant', 'I131_treatment',
       'tumor', 'hypopituitary', 'psych', 'TSH', 'T3', 'TT4', 'T4U', 'FTI',
       'Class'],
      dtype='object')
[ 2023-05-09 23:19:02,893 ] 242 root - INFO - Data validation artifact: DataValidationArtifact(report_file_path='F:\\New folder\\ThyroidDetection\\artifact\\05092023__231853\\data_validation\\report.yaml')
[ 2023-05-09 23:19:02,895 ] 30 root - INFO - >>>>>>>>>>>>>>>>>>>>>>>>>>>>>>>>>>>>>>>> Data Transformation <<<<<<<<<<<<<<<<<<<<<<<<<<<<<<<<<<<<<<<<
[ 2023-05-09 23:19:03,228 ] 89 root - INFO - Before resampling in training set Input: (2968, 16) Target:(2968,)
[ 2023-05-09 23:19:03,240 ] 91 root - INFO - After resampling in training set Input: (10928, 16) Target:(10928,)
[ 2023-05-09 23:19:03,240 ] 93 root - INFO - Before resampling in testing set Input: (743, 16) Target:(743,)
[ 2023-05-09 23:19:03,246 ] 95 root - INFO - After resampling in testing set Input: (2064, 16) Target:(2064,)
[ 2023-05-09 23:19:03,286 ] 61 root - INFO - Entered the save_object method of utils
[ 2023-05-09 23:19:03,306 ] 65 root - INFO - Exited the save_object method of utils
[ 2023-05-09 23:19:03,306 ] 61 root - INFO - Entered the save_object method of utils
[ 2023-05-09 23:19:03,313 ] 65 root - INFO - Exited the save_object method of utils
[ 2023-05-09 23:19:03,313 ] 126 root - INFO - Data transformation object DataTransformationArtifact(transform_object_path='F:\\New folder\\ThyroidDetection\\artifact\\05092023__231853\\data_transformation\\transformer\\transformer.pkl', transformed_train_path='F:\\New folder\\ThyroidDetection\\artifact\\05092023__231853\\data_transformation\\transformed\\train.npz', transformed_test_path='F:\\New folder\\ThyroidDetection\\artifact\\05092023__231853\\data_transformation\\transformed\\test.npz', target_encoder_path='F:\\New folder\\ThyroidDetection\\artifact\\05092023__231853\\data_transformation\\target_encoder\\target_encoder.pkl')
[ 2023-05-09 23:19:03,318 ] 16 root - INFO - >>>>>>>>>>>>>>>>>>>>>>>>>>>>>>>>>>>>>>>> Model Trainer <<<<<<<<<<<<<<<<<<<<<<<<<<<<<<<<<<<<<<<<
[ 2023-05-09 23:19:03,318 ] 34 root - INFO - loading train and test numpy array for model training 
[ 2023-05-09 23:19:03,327 ] 39 root - INFO - Splitting input and target feature from both train and test arr.
[ 2023-05-09 23:19:03,327 ] 43 root - INFO - Train the model
[ 2023-05-09 23:19:03,388 ] 46 root - INFO - Calculating f1 train score
[ 2023-05-09 23:19:03,415 ] 50 root - INFO - Calculating recall train score
[ 2023-05-09 23:19:03,435 ] 54 root - INFO -  Calculating f1 test score 
[ 2023-05-09 23:19:03,446 ] 59 root - INFO -  Calculating recall test score
[ 2023-05-09 23:19:03,455 ] 63 root - INFO - train score:1.0 and tests score 0.9186046511627907
[ 2023-05-09 23:19:03,455 ] 65 root - INFO - Checking if our model is underfitting or not
[ 2023-05-09 23:19:03,456 ] 70 root - INFO - Checking if our model is overfiiting or not
[ 2023-05-09 23:19:03,456 ] 78 root - INFO - Saving mode object
[ 2023-05-09 23:19:03,456 ] 61 root - INFO - Entered the save_object method of utils
[ 2023-05-09 23:19:03,476 ] 65 root - INFO - Exited the save_object method of utils
[ 2023-05-09 23:19:03,477 ] 83 root - INFO - Prepare the artifact
[ 2023-05-09 23:19:03,477 ] 90 root - INFO - Model trainer artifact: ModelTrainerArtifact(model_path='F:\\New folder\\ThyroidDetection\\artifact\\05092023__231853\\model_trainer\\model\\model.pkl', f1_train_score=1.0, f1_test_score=0.9168616916349318, recall_train_score=1.0, recall_test_score=0.9186046511627907)
[ 2023-05-09 23:19:03,478 ] 21 root - INFO - >>>>>>>>>>>>>>>>>>>>>>>>>>>>>>>>>>>>>>>>  Model Evaluation <<<<<<<<<<<<<<<<<<<<<<<<<<<<<<<<<<<<<<<<
[ 2023-05-09 23:19:03,479 ] 35 root - INFO - if saved model folder has model the we will compare which model is best trained or the model from saved model folder
[ 2023-05-09 23:19:03,480 ] 46 root - INFO - Finding location of transformer model and target encoder
[ 2023-05-09 23:19:03,482 ] 51 root - INFO - Previous trained objects of transformer, model and target encoder
[ 2023-05-09 23:19:03,487 ] 58 root - INFO - Currently trained model objects
