[ 2023-05-09 22:56:24,292 ] 157 numexpr.utils - INFO - NumExpr defaulting to 4 threads.
[ 2023-05-09 22:56:28,190 ] 15 root - INFO - >>>>>>>>>>>>>>>>>>>>>>>>>>>>>>>>>>>>>>>> Data Ingestion <<<<<<<<<<<<<<<<<<<<<<<<<<<<<<<<<<<<<<<<
[ 2023-05-09 22:56:28,190 ] 22 root - INFO - Exporting collection data as pandas dataframe
[ 2023-05-09 22:56:28,190 ] 21 root - INFO - Reading data from database: HealthCare and collection: thyroid_data
[ 2023-05-09 22:56:34,975 ] 23 root - INFO - Found columns: Index(['_id', 'age', 'sex', 'on_thyroxine', 'query_on_thyroxine',
       'on_antithyroid_medication', 'sick', 'pregnant', 'thyroid_surgery',
       'I131_treatment', 'query_hypothyroid', 'query_hyperthyroid', 'lithium',
       'goitre', 'tumor', 'hypopituitary', 'psych', 'TSH_measured', 'TSH',
       'T3_measured', 'T3', 'TT4_measured', 'TT4', 'T4U_measured', 'T4U',
       'FTI_measured', 'FTI', 'TBG_measured', 'TBG', 'referral_source',
       'Class'],
      dtype='object')
[ 2023-05-09 22:56:34,977 ] 25 root - INFO - Dropping column: _id 
[ 2023-05-09 22:56:34,984 ] 27 root - INFO - Row and columns in df: (3772, 30)
[ 2023-05-09 22:56:34,986 ] 28 root - INFO - Columns in dataframe : Index(['age', 'sex', 'on_thyroxine', 'query_on_thyroxine',
       'on_antithyroid_medication', 'sick', 'pregnant', 'thyroid_surgery',
       'I131_treatment', 'query_hypothyroid', 'query_hyperthyroid', 'lithium',
       'goitre', 'tumor', 'hypopituitary', 'psych', 'TSH_measured', 'TSH',
       'T3_measured', 'T3', 'TT4_measured', 'TT4', 'T4U_measured', 'T4U',
       'FTI_measured', 'FTI', 'TBG_measured', 'TBG', 'referral_source',
       'Class'],
      dtype='object')
[ 2023-05-09 22:56:34,986 ] 29 root - INFO - >>>>>>>>>>>>>>>>>>>>>>>>>>>>>>>>>>>>>>>>*<<<<<<<<<<<<<<<<<<<<<<<<<<<<<<<<<<<<<<<<
[ 2023-05-09 22:56:34,987 ] 31 root - INFO -  age : float64
[ 2023-05-09 22:56:34,987 ] 31 root - INFO -  sex : object
[ 2023-05-09 22:56:34,987 ] 31 root - INFO -  on_thyroxine : object
[ 2023-05-09 22:56:34,988 ] 31 root - INFO -  query_on_thyroxine : object
[ 2023-05-09 22:56:34,988 ] 31 root - INFO -  on_antithyroid_medication : object
[ 2023-05-09 22:56:34,988 ] 31 root - INFO -  sick : object
[ 2023-05-09 22:56:34,988 ] 31 root - INFO -  pregnant : object
[ 2023-05-09 22:56:34,989 ] 31 root - INFO -  thyroid_surgery : object
[ 2023-05-09 22:56:34,989 ] 31 root - INFO -  I131_treatment : object
[ 2023-05-09 22:56:34,989 ] 31 root - INFO -  query_hypothyroid : object
[ 2023-05-09 22:56:34,989 ] 31 root - INFO -  query_hyperthyroid : object
[ 2023-05-09 22:56:34,990 ] 31 root - INFO -  lithium : object
[ 2023-05-09 22:56:34,990 ] 31 root - INFO -  goitre : object
[ 2023-05-09 22:56:34,990 ] 31 root - INFO -  tumor : object
[ 2023-05-09 22:56:34,990 ] 31 root - INFO -  hypopituitary : object
[ 2023-05-09 22:56:34,991 ] 31 root - INFO -  psych : object
[ 2023-05-09 22:56:34,991 ] 31 root - INFO -  TSH_measured : object
[ 2023-05-09 22:56:34,991 ] 31 root - INFO -  TSH : float64
[ 2023-05-09 22:56:34,991 ] 31 root - INFO -  T3_measured : object
[ 2023-05-09 22:56:34,992 ] 31 root - INFO -  T3 : float64
[ 2023-05-09 22:56:34,992 ] 31 root - INFO -  TT4_measured : object
[ 2023-05-09 22:56:34,992 ] 31 root - INFO -  TT4 : float64
[ 2023-05-09 22:56:34,993 ] 31 root - INFO -  T4U_measured : object
[ 2023-05-09 22:56:34,993 ] 31 root - INFO -  T4U : float64
[ 2023-05-09 22:56:34,993 ] 31 root - INFO -  FTI_measured : object
[ 2023-05-09 22:56:34,994 ] 31 root - INFO -  FTI : float64
[ 2023-05-09 22:56:34,994 ] 31 root - INFO -  TBG_measured : object
[ 2023-05-09 22:56:34,995 ] 31 root - INFO -  TBG : object
[ 2023-05-09 22:56:34,996 ] 31 root - INFO -  referral_source : object
[ 2023-05-09 22:56:34,996 ] 31 root - INFO -  Class : object
[ 2023-05-09 22:56:34,996 ] 28 root - INFO - Save data in feature store
[ 2023-05-09 22:56:35,023 ] 33 root - INFO - Any duplicate records:61
[ 2023-05-09 22:56:35,023 ] 36 root - INFO - Dropping duplicate record
[ 2023-05-09 22:56:35,060 ] 39 root - INFO -  Rechecking any duplicate record or not
[ 2023-05-09 22:56:35,092 ] 40 root - INFO - Duplicate record :0
[ 2023-05-09 22:56:35,092 ] 45 root - INFO - Create feature store folder if not available
[ 2023-05-09 22:56:35,094 ] 49 root - INFO - Save df to feature store folder
[ 2023-05-09 22:56:35,187 ] 55 root - INFO - split dataset into train and test set
[ 2023-05-09 22:56:35,190 ] 59 root - INFO - create dataset directory folder if not available
[ 2023-05-09 22:56:35,191 ] 64 root - INFO - Save df to feature store folder
[ 2023-05-09 22:56:35,276 ] 77 root - INFO - Data ingestion artifact: DataIngestionArtifact(feature_store_file_path='F:\\New folder\\ThyroidDetection\\artifact\\05092023__225628\\data_ingestion\\feature_store\\hypothyroid_data.csv', train_file_path='F:\\New folder\\ThyroidDetection\\artifact\\05092023__225628\\data_ingestion\\dataset\\train.csv', test_file_path='F:\\New folder\\ThyroidDetection\\artifact\\05092023__225628\\data_ingestion\\dataset\\test.csv')
[ 2023-05-09 22:56:35,283 ] 20 root - INFO - >>>>>>>>>>>>>>>>>>>>>>>>>>>>>>>>>>>>>>>> Data Validation <<<<<<<<<<<<<<<<<<<<<<<<<<<<<<<<<<<<<<<<
[ 2023-05-09 22:56:35,283 ] 188 root - INFO - Reading base dataframe
[ 2023-05-09 22:56:35,317 ] 191 root - INFO - Drop null values colums from base df
[ 2023-05-09 22:56:35,330 ] 40 root - INFO - selecting column name which contains null above to 0.3
[ 2023-05-09 22:56:35,332 ] 43 root - INFO - Columns to drop: ['TBG']
[ 2023-05-09 22:56:35,337 ] 194 root - INFO - Reading train dataframe
[ 2023-05-09 22:56:35,371 ] 196 root - INFO - Reading test dataframe
[ 2023-05-09 22:56:35,389 ] 200 root - INFO - Drop null values colums from train df
[ 2023-05-09 22:56:35,397 ] 40 root - INFO - selecting column name which contains null above to 0.3
[ 2023-05-09 22:56:35,398 ] 43 root - INFO - Columns to drop: ['TBG']
[ 2023-05-09 22:56:35,403 ] 202 root - INFO - Drop null values colums from test df
[ 2023-05-09 22:56:35,416 ] 40 root - INFO - selecting column name which contains null above to 0.3
[ 2023-05-09 22:56:35,419 ] 43 root - INFO - Columns to drop: ['TBG']
[ 2023-05-09 22:56:35,421 ] 205 root - INFO - Selected features from Feature selection technique Using REFCV are sex, on_thyroxine,query_on_thyroxine,on_antithyroid_medication,sick,pregnant,I131_treatment,tumor,hypopituitary,psych,TSH,T3,TT4, T4U,FTI
[ 2023-05-09 22:56:35,422 ] 207 root - INFO - Dropping unrelevent columns from base df
[ 2023-05-09 22:56:35,422 ] 59 root - INFO -  Dropping unrelevant columns from train and test file
[ 2023-05-09 22:56:35,422 ] 60 root - INFO -  Columns to drop :['thyroid_surgery', 'query_hypothyroid', 'query_hyperthyroid', 'lithium', 'goitre', 'TSH_measured', 'T3_measured', 'TT4_measured', 'T4U_measured', 'FTI_measured', 'TBG_measured', 'referral_source']
[ 2023-05-09 22:56:35,429 ] 210 root - INFO -  Dropping unrelevent columns from train_df
[ 2023-05-09 22:56:35,430 ] 59 root - INFO -  Dropping unrelevant columns from train and test file
[ 2023-05-09 22:56:35,430 ] 60 root - INFO -  Columns to drop :['thyroid_surgery', 'query_hypothyroid', 'query_hyperthyroid', 'lithium', 'goitre', 'TSH_measured', 'T3_measured', 'TT4_measured', 'T4U_measured', 'FTI_measured', 'TBG_measured', 'referral_source']
[ 2023-05-09 22:56:35,434 ] 213 root - INFO -  Dropping unrelevent columns from test_df
[ 2023-05-09 22:56:35,435 ] 59 root - INFO -  Dropping unrelevant columns from train and test file
[ 2023-05-09 22:56:35,435 ] 60 root - INFO -  Columns to drop :['thyroid_surgery', 'query_hypothyroid', 'query_hyperthyroid', 'lithium', 'goitre', 'TSH_measured', 'T3_measured', 'TT4_measured', 'T4U_measured', 'FTI_measured', 'TBG_measured', 'referral_source']
[ 2023-05-09 22:56:35,438 ] 219 root - INFO - Is all required columns present in train df
[ 2023-05-09 22:56:35,439 ] 221 root - INFO - Is all required columns present in test df
[ 2023-05-09 22:56:35,439 ] 226 root - INFO - As all column are available in train df hence detecting data drift
[ 2023-05-09 22:56:35,450 ] 146 root - INFO - Hypothesis age: float64, float64 
[ 2023-05-09 22:56:35,594 ] 146 root - INFO - Hypothesis TSH: float64, float64 
[ 2023-05-09 22:56:35,716 ] 146 root - INFO - Hypothesis T3: float64, float64 
[ 2023-05-09 22:56:35,846 ] 146 root - INFO - Hypothesis TT4: float64, float64 
[ 2023-05-09 22:56:35,970 ] 146 root - INFO - Hypothesis T4U: float64, float64 
[ 2023-05-09 22:56:36,118 ] 146 root - INFO - Hypothesis FTI: float64, float64 
[ 2023-05-09 22:56:36,212 ] 165 root - INFO - Hypothesis sex: object, object 
[ 2023-05-09 22:56:36,215 ] 165 root - INFO - Hypothesis on_thyroxine: object, object 
[ 2023-05-09 22:56:36,217 ] 165 root - INFO - Hypothesis query_on_thyroxine: object, object 
[ 2023-05-09 22:56:36,219 ] 165 root - INFO - Hypothesis on_antithyroid_medication: object, object 
[ 2023-05-09 22:56:36,221 ] 165 root - INFO - Hypothesis sick: object, object 
[ 2023-05-09 22:56:36,223 ] 165 root - INFO - Hypothesis pregnant: object, object 
[ 2023-05-09 22:56:36,226 ] 165 root - INFO - Hypothesis I131_treatment: object, object 
[ 2023-05-09 22:56:36,228 ] 165 root - INFO - Hypothesis tumor: object, object 
[ 2023-05-09 22:56:36,229 ] 165 root - INFO - Hypothesis hypopituitary: object, object 
[ 2023-05-09 22:56:36,231 ] 165 root - INFO - Hypothesis psych: object, object 
[ 2023-05-09 22:56:36,232 ] 165 root - INFO - Hypothesis Class: object, object 
[ 2023-05-09 22:56:36,233 ] 229 root - INFO - As all column are available in test df hence detecting data drift
[ 2023-05-09 22:56:36,242 ] 146 root - INFO - Hypothesis age: float64, float64 
[ 2023-05-09 22:56:36,345 ] 146 root - INFO - Hypothesis TSH: float64, float64 
[ 2023-05-09 22:56:36,438 ] 146 root - INFO - Hypothesis T3: float64, float64 
[ 2023-05-09 22:56:36,533 ] 146 root - INFO - Hypothesis TT4: float64, float64 
[ 2023-05-09 22:56:36,628 ] 146 root - INFO - Hypothesis T4U: float64, float64 
[ 2023-05-09 22:56:36,719 ] 146 root - INFO - Hypothesis FTI: float64, float64 
[ 2023-05-09 22:56:36,824 ] 165 root - INFO - Hypothesis sex: object, object 
[ 2023-05-09 22:56:36,826 ] 165 root - INFO - Hypothesis on_thyroxine: object, object 
[ 2023-05-09 22:56:36,827 ] 165 root - INFO - Hypothesis query_on_thyroxine: object, object 
[ 2023-05-09 22:56:36,829 ] 165 root - INFO - Hypothesis on_antithyroid_medication: object, object 
[ 2023-05-09 22:56:36,830 ] 165 root - INFO - Hypothesis sick: object, object 
[ 2023-05-09 22:56:36,831 ] 165 root - INFO - Hypothesis pregnant: object, object 
[ 2023-05-09 22:56:36,832 ] 165 root - INFO - Hypothesis I131_treatment: object, object 
[ 2023-05-09 22:56:36,834 ] 165 root - INFO - Hypothesis tumor: object, object 
[ 2023-05-09 22:56:36,835 ] 165 root - INFO - Hypothesis hypopituitary: object, object 
[ 2023-05-09 22:56:36,836 ] 165 root - INFO - Hypothesis psych: object, object 
[ 2023-05-09 22:56:36,837 ] 165 root - INFO - Hypothesis Class: object, object 
[ 2023-05-09 22:56:36,839 ] 234 root - INFO - Write reprt in yaml file
[ 2023-05-09 22:56:36,870 ] 237 root - INFO - Index(['age', 'sex', 'on_thyroxine', 'query_on_thyroxine',
       'on_antithyroid_medication', 'sick', 'pregnant', 'I131_treatment',
       'tumor', 'hypopituitary', 'psych', 'TSH', 'T3', 'TT4', 'T4U', 'FTI',
       'Class'],
      dtype='object')
[ 2023-05-09 22:56:36,870 ] 238 root - INFO - Index(['age', 'sex', 'on_thyroxine', 'query_on_thyroxine',
       'on_antithyroid_medication', 'sick', 'pregnant', 'I131_treatment',
       'tumor', 'hypopituitary', 'psych', 'TSH', 'T3', 'TT4', 'T4U', 'FTI',
       'Class'],
      dtype='object')
[ 2023-05-09 22:56:36,870 ] 239 root - INFO - Index(['age', 'sex', 'on_thyroxine', 'query_on_thyroxine',
       'on_antithyroid_medication', 'sick', 'pregnant', 'I131_treatment',
       'tumor', 'hypopituitary', 'psych', 'TSH', 'T3', 'TT4', 'T4U', 'FTI',
       'Class'],
      dtype='object')
[ 2023-05-09 22:56:36,871 ] 242 root - INFO - Data validation artifact: DataValidationArtifact(report_file_path='F:\\New folder\\ThyroidDetection\\artifact\\05092023__225628\\data_validation\\report.yaml')
[ 2023-05-09 22:56:36,872 ] 30 root - INFO - >>>>>>>>>>>>>>>>>>>>>>>>>>>>>>>>>>>>>>>> Data Transformation <<<<<<<<<<<<<<<<<<<<<<<<<<<<<<<<<<<<<<<<
[ 2023-05-09 22:56:37,023 ] 90 root - INFO - Before resampling in training set Input: (2968, 16) Target:(2968,)
[ 2023-05-09 22:56:37,032 ] 92 root - INFO - After resampling in training set Input: (10908, 16) Target:(10908,)
[ 2023-05-09 22:56:37,032 ] 94 root - INFO - Before resampling in testing set Input: (743, 16) Target:(743,)
[ 2023-05-09 22:56:37,036 ] 96 root - INFO - After resampling in testing set Input: (2079, 16) Target:(2079,)
[ 2023-05-09 22:56:37,065 ] 61 root - INFO - Entered the save_object method of utils
[ 2023-05-09 22:56:37,072 ] 65 root - INFO - Exited the save_object method of utils
[ 2023-05-09 22:56:37,072 ] 61 root - INFO - Entered the save_object method of utils
[ 2023-05-09 22:56:37,077 ] 65 root - INFO - Exited the save_object method of utils
[ 2023-05-09 22:56:37,078 ] 127 root - INFO - Data transformation object DataTransformationArtifact(transform_object_path='F:\\New folder\\ThyroidDetection\\artifact\\05092023__225628\\data_transformation\\transformer\\transformer.pkl', transformed_train_path='F:\\New folder\\ThyroidDetection\\artifact\\05092023__225628\\data_transformation\\transformed\\train.npz', transformed_test_path='F:\\New folder\\ThyroidDetection\\artifact\\05092023__225628\\data_transformation\\transformed\\test.npz', target_encoder_path='F:\\New folder\\ThyroidDetection\\artifact\\05092023__225628\\data_transformation\\target_encoder\\target_encoder.pkl')
[ 2023-05-09 22:56:37,080 ] 16 root - INFO - >>>>>>>>>>>>>>>>>>>>>>>>>>>>>>>>>>>>>>>> Model Trainer <<<<<<<<<<<<<<<<<<<<<<<<<<<<<<<<<<<<<<<<
[ 2023-05-09 22:56:37,080 ] 34 root - INFO - loading train and test numpy array for model training 
[ 2023-05-09 22:56:37,084 ] 39 root - INFO - Splitting input and target feature from both train and test arr.
[ 2023-05-09 22:56:37,084 ] 43 root - INFO - Train the model
[ 2023-05-09 22:56:37,109 ] 46 root - INFO - Calculating f1 train score
[ 2023-05-09 22:56:37,119 ] 50 root - INFO - Calculating recall train score
[ 2023-05-09 22:56:37,127 ] 54 root - INFO -  Calculating f1 test score 
[ 2023-05-09 22:56:37,131 ] 59 root - INFO -  Calculating recall test score
[ 2023-05-09 22:56:37,134 ] 63 root - INFO - train score:1.0 and tests score 0.9475709475709476
[ 2023-05-09 22:56:37,134 ] 65 root - INFO - Checking if our model is underfitting or not
[ 2023-05-09 22:56:37,135 ] 70 root - INFO - Checking if our model is overfiiting or not
[ 2023-05-09 22:56:37,135 ] 78 root - INFO - Saving mode object
[ 2023-05-09 22:56:37,135 ] 61 root - INFO - Entered the save_object method of utils
[ 2023-05-09 22:56:37,139 ] 65 root - INFO - Exited the save_object method of utils
[ 2023-05-09 22:56:37,139 ] 83 root - INFO - Prepare the artifact
[ 2023-05-09 22:56:37,140 ] 90 root - INFO - Model trainer artifact: ModelTrainerArtifact(model_path='F:\\New folder\\ThyroidDetection\\artifact\\05092023__225628\\model_trainer\\model\\model.pkl', f1_train_score=1.0, f1_test_score=0.9466297518964027, recall_train_score=1.0, recall_test_score=0.9475709475709476)
[ 2023-05-09 22:56:37,140 ] 21 root - INFO - >>>>>>>>>>>>>>>>>>>>>>>>>>>>>>>>>>>>>>>>  Model Evaluation <<<<<<<<<<<<<<<<<<<<<<<<<<<<<<<<<<<<<<<<
[ 2023-05-09 22:56:37,140 ] 35 root - INFO - if saved model folder has model the we will compare which model is best trained or the model from saved model folder
[ 2023-05-09 22:56:37,141 ] 46 root - INFO - Finding location of transformer model and target encoder
[ 2023-05-09 22:56:37,141 ] 51 root - INFO - Previous trained objects of transformer, model and target encoder
[ 2023-05-09 22:56:37,143 ] 58 root - INFO - Currently trained model objects
