[ 2023-05-09 23:18:09,207 ] 157 numexpr.utils - INFO - NumExpr defaulting to 4 threads.
[ 2023-05-09 23:18:20,257 ] 15 root - INFO - >>>>>>>>>>>>>>>>>>>>>>>>>>>>>>>>>>>>>>>> Data Ingestion <<<<<<<<<<<<<<<<<<<<<<<<<<<<<<<<<<<<<<<<
[ 2023-05-09 23:18:20,259 ] 22 root - INFO - Exporting collection data as pandas dataframe
[ 2023-05-09 23:18:20,259 ] 21 root - INFO - Reading data from database: HealthCare and collection: thyroid_data
[ 2023-05-09 23:18:25,601 ] 23 root - INFO - Found columns: Index(['_id', 'age', 'sex', 'on_thyroxine', 'query_on_thyroxine',
       'on_antithyroid_medication', 'sick', 'pregnant', 'thyroid_surgery',
       'I131_treatment', 'query_hypothyroid', 'query_hyperthyroid', 'lithium',
       'goitre', 'tumor', 'hypopituitary', 'psych', 'TSH_measured', 'TSH',
       'T3_measured', 'T3', 'TT4_measured', 'TT4', 'T4U_measured', 'T4U',
       'FTI_measured', 'FTI', 'TBG_measured', 'TBG', 'referral_source',
       'Class'],
      dtype='object')
[ 2023-05-09 23:18:25,603 ] 25 root - INFO - Dropping column: _id 
[ 2023-05-09 23:18:25,613 ] 27 root - INFO - Row and columns in df: (3772, 30)
[ 2023-05-09 23:18:25,615 ] 28 root - INFO - Columns in dataframe : Index(['age', 'sex', 'on_thyroxine', 'query_on_thyroxine',
       'on_antithyroid_medication', 'sick', 'pregnant', 'thyroid_surgery',
       'I131_treatment', 'query_hypothyroid', 'query_hyperthyroid', 'lithium',
       'goitre', 'tumor', 'hypopituitary', 'psych', 'TSH_measured', 'TSH',
       'T3_measured', 'T3', 'TT4_measured', 'TT4', 'T4U_measured', 'T4U',
       'FTI_measured', 'FTI', 'TBG_measured', 'TBG', 'referral_source',
       'Class'],
      dtype='object')
[ 2023-05-09 23:18:25,616 ] 29 root - INFO - >>>>>>>>>>>>>>>>>>>>>>>>>>>>>>>>>>>>>>>>*<<<<<<<<<<<<<<<<<<<<<<<<<<<<<<<<<<<<<<<<
[ 2023-05-09 23:18:25,617 ] 31 root - INFO -  age : float64
[ 2023-05-09 23:18:25,619 ] 31 root - INFO -  sex : object
[ 2023-05-09 23:18:25,620 ] 31 root - INFO -  on_thyroxine : object
[ 2023-05-09 23:18:25,622 ] 31 root - INFO -  query_on_thyroxine : object
[ 2023-05-09 23:18:25,622 ] 31 root - INFO -  on_antithyroid_medication : object
[ 2023-05-09 23:18:25,623 ] 31 root - INFO -  sick : object
[ 2023-05-09 23:18:25,624 ] 31 root - INFO -  pregnant : object
[ 2023-05-09 23:18:25,625 ] 31 root - INFO -  thyroid_surgery : object
[ 2023-05-09 23:18:25,626 ] 31 root - INFO -  I131_treatment : object
[ 2023-05-09 23:18:25,626 ] 31 root - INFO -  query_hypothyroid : object
[ 2023-05-09 23:18:25,627 ] 31 root - INFO -  query_hyperthyroid : object
[ 2023-05-09 23:18:25,628 ] 31 root - INFO -  lithium : object
[ 2023-05-09 23:18:25,629 ] 31 root - INFO -  goitre : object
[ 2023-05-09 23:18:25,629 ] 31 root - INFO -  tumor : object
[ 2023-05-09 23:18:25,630 ] 31 root - INFO -  hypopituitary : object
[ 2023-05-09 23:18:25,631 ] 31 root - INFO -  psych : object
[ 2023-05-09 23:18:25,631 ] 31 root - INFO -  TSH_measured : object
[ 2023-05-09 23:18:25,632 ] 31 root - INFO -  TSH : float64
[ 2023-05-09 23:18:25,633 ] 31 root - INFO -  T3_measured : object
[ 2023-05-09 23:18:25,633 ] 31 root - INFO -  T3 : float64
[ 2023-05-09 23:18:25,634 ] 31 root - INFO -  TT4_measured : object
[ 2023-05-09 23:18:25,635 ] 31 root - INFO -  TT4 : float64
[ 2023-05-09 23:18:25,636 ] 31 root - INFO -  T4U_measured : object
[ 2023-05-09 23:18:25,636 ] 31 root - INFO -  T4U : float64
[ 2023-05-09 23:18:25,637 ] 31 root - INFO -  FTI_measured : object
[ 2023-05-09 23:18:25,638 ] 31 root - INFO -  FTI : float64
[ 2023-05-09 23:18:25,638 ] 31 root - INFO -  TBG_measured : object
[ 2023-05-09 23:18:25,639 ] 31 root - INFO -  TBG : object
[ 2023-05-09 23:18:25,640 ] 31 root - INFO -  referral_source : object
[ 2023-05-09 23:18:25,641 ] 31 root - INFO -  Class : object
[ 2023-05-09 23:18:25,641 ] 28 root - INFO - Save data in feature store
[ 2023-05-09 23:18:25,693 ] 33 root - INFO - Any duplicate records:61
[ 2023-05-09 23:18:25,693 ] 36 root - INFO - Dropping duplicate record
[ 2023-05-09 23:18:25,755 ] 39 root - INFO -  Rechecking any duplicate record or not
[ 2023-05-09 23:18:25,819 ] 40 root - INFO - Duplicate record :0
[ 2023-05-09 23:18:25,819 ] 45 root - INFO - Create feature store folder if not available
[ 2023-05-09 23:18:25,870 ] 49 root - INFO - Save df to feature store folder
[ 2023-05-09 23:18:26,042 ] 55 root - INFO - split dataset into train and test set
[ 2023-05-09 23:18:26,053 ] 59 root - INFO - create dataset directory folder if not available
[ 2023-05-09 23:18:26,055 ] 64 root - INFO - Save df to feature store folder
[ 2023-05-09 23:18:26,236 ] 77 root - INFO - Data ingestion artifact: DataIngestionArtifact(feature_store_file_path='F:\\New folder\\ThyroidDetection\\artifact\\05092023__231820\\data_ingestion\\feature_store\\hypothyroid_data.csv', train_file_path='F:\\New folder\\ThyroidDetection\\artifact\\05092023__231820\\data_ingestion\\dataset\\train.csv', test_file_path='F:\\New folder\\ThyroidDetection\\artifact\\05092023__231820\\data_ingestion\\dataset\\test.csv')
[ 2023-05-09 23:18:26,247 ] 20 root - INFO - >>>>>>>>>>>>>>>>>>>>>>>>>>>>>>>>>>>>>>>> Data Validation <<<<<<<<<<<<<<<<<<<<<<<<<<<<<<<<<<<<<<<<
[ 2023-05-09 23:18:26,248 ] 188 root - INFO - Reading base dataframe
[ 2023-05-09 23:18:26,328 ] 191 root - INFO - Drop null values colums from base df
[ 2023-05-09 23:18:26,387 ] 40 root - INFO - selecting column name which contains null above to 0.3
[ 2023-05-09 23:18:26,389 ] 43 root - INFO - Columns to drop: ['TBG']
[ 2023-05-09 23:18:26,401 ] 194 root - INFO - Reading train dataframe
[ 2023-05-09 23:18:26,464 ] 196 root - INFO - Reading test dataframe
[ 2023-05-09 23:18:26,512 ] 200 root - INFO - Drop null values colums from train df
[ 2023-05-09 23:18:26,537 ] 40 root - INFO - selecting column name which contains null above to 0.3
[ 2023-05-09 23:18:26,539 ] 43 root - INFO - Columns to drop: ['TBG']
[ 2023-05-09 23:18:26,553 ] 202 root - INFO - Drop null values colums from test df
[ 2023-05-09 23:18:26,563 ] 40 root - INFO - selecting column name which contains null above to 0.3
[ 2023-05-09 23:18:26,565 ] 43 root - INFO - Columns to drop: ['TBG']
[ 2023-05-09 23:18:26,571 ] 205 root - INFO - Selected features from Feature selection technique Using REFCV are sex, on_thyroxine,query_on_thyroxine,on_antithyroid_medication,sick,pregnant,I131_treatment,tumor,hypopituitary,psych,TSH,T3,TT4, T4U,FTI
[ 2023-05-09 23:18:26,571 ] 207 root - INFO - Dropping unrelevent columns from base df
[ 2023-05-09 23:18:26,571 ] 59 root - INFO -  Dropping unrelevant columns from train and test file
[ 2023-05-09 23:18:26,572 ] 60 root - INFO -  Columns to drop :['thyroid_surgery', 'query_hypothyroid', 'query_hyperthyroid', 'lithium', 'goitre', 'TSH_measured', 'T3_measured', 'TT4_measured', 'T4U_measured', 'FTI_measured', 'TBG_measured', 'referral_source']
[ 2023-05-09 23:18:26,581 ] 210 root - INFO -  Dropping unrelevent columns from train_df
[ 2023-05-09 23:18:26,582 ] 59 root - INFO -  Dropping unrelevant columns from train and test file
[ 2023-05-09 23:18:26,583 ] 60 root - INFO -  Columns to drop :['thyroid_surgery', 'query_hypothyroid', 'query_hyperthyroid', 'lithium', 'goitre', 'TSH_measured', 'T3_measured', 'TT4_measured', 'T4U_measured', 'FTI_measured', 'TBG_measured', 'referral_source']
[ 2023-05-09 23:18:26,594 ] 213 root - INFO -  Dropping unrelevent columns from test_df
[ 2023-05-09 23:18:26,595 ] 59 root - INFO -  Dropping unrelevant columns from train and test file
[ 2023-05-09 23:18:26,595 ] 60 root - INFO -  Columns to drop :['thyroid_surgery', 'query_hypothyroid', 'query_hyperthyroid', 'lithium', 'goitre', 'TSH_measured', 'T3_measured', 'TT4_measured', 'T4U_measured', 'FTI_measured', 'TBG_measured', 'referral_source']
[ 2023-05-09 23:18:26,604 ] 219 root - INFO - Is all required columns present in train df
[ 2023-05-09 23:18:26,605 ] 221 root - INFO - Is all required columns present in test df
[ 2023-05-09 23:18:26,606 ] 226 root - INFO - As all column are available in train df hence detecting data drift
[ 2023-05-09 23:18:26,655 ] 146 root - INFO - Hypothesis age: float64, float64 
[ 2023-05-09 23:18:27,103 ] 146 root - INFO - Hypothesis TSH: float64, float64 
[ 2023-05-09 23:18:27,578 ] 146 root - INFO - Hypothesis T3: float64, float64 
[ 2023-05-09 23:18:28,313 ] 146 root - INFO - Hypothesis TT4: float64, float64 
[ 2023-05-09 23:18:28,776 ] 146 root - INFO - Hypothesis T4U: float64, float64 
[ 2023-05-09 23:18:29,275 ] 146 root - INFO - Hypothesis FTI: float64, float64 
[ 2023-05-09 23:18:29,543 ] 165 root - INFO - Hypothesis sex: object, object 
[ 2023-05-09 23:18:29,547 ] 165 root - INFO - Hypothesis on_thyroxine: object, object 
[ 2023-05-09 23:18:29,550 ] 165 root - INFO - Hypothesis query_on_thyroxine: object, object 
[ 2023-05-09 23:18:29,553 ] 165 root - INFO - Hypothesis on_antithyroid_medication: object, object 
[ 2023-05-09 23:18:29,558 ] 165 root - INFO - Hypothesis sick: object, object 
[ 2023-05-09 23:18:29,562 ] 165 root - INFO - Hypothesis pregnant: object, object 
[ 2023-05-09 23:18:29,565 ] 165 root - INFO - Hypothesis I131_treatment: object, object 
[ 2023-05-09 23:18:29,568 ] 165 root - INFO - Hypothesis tumor: object, object 
[ 2023-05-09 23:18:29,571 ] 165 root - INFO - Hypothesis hypopituitary: object, object 
[ 2023-05-09 23:18:29,576 ] 165 root - INFO - Hypothesis psych: object, object 
[ 2023-05-09 23:18:29,579 ] 165 root - INFO - Hypothesis Class: object, object 
[ 2023-05-09 23:18:29,582 ] 229 root - INFO - As all column are available in test df hence detecting data drift
[ 2023-05-09 23:18:29,603 ] 146 root - INFO - Hypothesis age: float64, float64 
[ 2023-05-09 23:18:29,860 ] 146 root - INFO - Hypothesis TSH: float64, float64 
[ 2023-05-09 23:18:30,184 ] 146 root - INFO - Hypothesis T3: float64, float64 
[ 2023-05-09 23:18:30,515 ] 146 root - INFO - Hypothesis TT4: float64, float64 
[ 2023-05-09 23:18:30,823 ] 146 root - INFO - Hypothesis T4U: float64, float64 
[ 2023-05-09 23:18:31,110 ] 146 root - INFO - Hypothesis FTI: float64, float64 
[ 2023-05-09 23:18:31,364 ] 165 root - INFO - Hypothesis sex: object, object 
[ 2023-05-09 23:18:31,367 ] 165 root - INFO - Hypothesis on_thyroxine: object, object 
[ 2023-05-09 23:18:31,370 ] 165 root - INFO - Hypothesis query_on_thyroxine: object, object 
[ 2023-05-09 23:18:31,373 ] 165 root - INFO - Hypothesis on_antithyroid_medication: object, object 
[ 2023-05-09 23:18:31,377 ] 165 root - INFO - Hypothesis sick: object, object 
[ 2023-05-09 23:18:31,380 ] 165 root - INFO - Hypothesis pregnant: object, object 
[ 2023-05-09 23:18:31,383 ] 165 root - INFO - Hypothesis I131_treatment: object, object 
[ 2023-05-09 23:18:31,386 ] 165 root - INFO - Hypothesis tumor: object, object 
[ 2023-05-09 23:18:31,390 ] 165 root - INFO - Hypothesis hypopituitary: object, object 
[ 2023-05-09 23:18:31,393 ] 165 root - INFO - Hypothesis psych: object, object 
[ 2023-05-09 23:18:31,396 ] 165 root - INFO - Hypothesis Class: object, object 
[ 2023-05-09 23:18:31,399 ] 234 root - INFO - Write reprt in yaml file
[ 2023-05-09 23:18:31,451 ] 237 root - INFO - Index(['age', 'sex', 'on_thyroxine', 'query_on_thyroxine',
       'on_antithyroid_medication', 'sick', 'pregnant', 'I131_treatment',
       'tumor', 'hypopituitary', 'psych', 'TSH', 'T3', 'TT4', 'T4U', 'FTI',
       'Class'],
      dtype='object')
[ 2023-05-09 23:18:31,452 ] 238 root - INFO - Index(['age', 'sex', 'on_thyroxine', 'query_on_thyroxine',
       'on_antithyroid_medication', 'sick', 'pregnant', 'I131_treatment',
       'tumor', 'hypopituitary', 'psych', 'TSH', 'T3', 'TT4', 'T4U', 'FTI',
       'Class'],
      dtype='object')
[ 2023-05-09 23:18:31,454 ] 239 root - INFO - Index(['age', 'sex', 'on_thyroxine', 'query_on_thyroxine',
       'on_antithyroid_medication', 'sick', 'pregnant', 'I131_treatment',
       'tumor', 'hypopituitary', 'psych', 'TSH', 'T3', 'TT4', 'T4U', 'FTI',
       'Class'],
      dtype='object')
[ 2023-05-09 23:18:31,454 ] 242 root - INFO - Data validation artifact: DataValidationArtifact(report_file_path='F:\\New folder\\ThyroidDetection\\artifact\\05092023__231820\\data_validation\\report.yaml')
[ 2023-05-09 23:18:31,456 ] 30 root - INFO - >>>>>>>>>>>>>>>>>>>>>>>>>>>>>>>>>>>>>>>> Data Transformation <<<<<<<<<<<<<<<<<<<<<<<<<<<<<<<<<<<<<<<<
[ 2023-05-09 23:18:31,787 ] 89 root - INFO - Before resampling in training set Input: (2968, 16) Target:(2968,)
[ 2023-05-09 23:18:31,803 ] 91 root - INFO - After resampling in training set Input: (10960, 16) Target:(10960,)
[ 2023-05-09 23:18:31,803 ] 93 root - INFO - Before resampling in testing set Input: (743, 16) Target:(743,)
[ 2023-05-09 23:18:31,810 ] 95 root - INFO - After resampling in testing set Input: (2720, 16) Target:(2720,)
[ 2023-05-09 23:18:31,850 ] 61 root - INFO - Entered the save_object method of utils
[ 2023-05-09 23:18:31,870 ] 65 root - INFO - Exited the save_object method of utils
[ 2023-05-09 23:18:31,871 ] 61 root - INFO - Entered the save_object method of utils
[ 2023-05-09 23:18:31,877 ] 65 root - INFO - Exited the save_object method of utils
[ 2023-05-09 23:18:31,878 ] 126 root - INFO - Data transformation object DataTransformationArtifact(transform_object_path='F:\\New folder\\ThyroidDetection\\artifact\\05092023__231820\\data_transformation\\transformer\\transformer.pkl', transformed_train_path='F:\\New folder\\ThyroidDetection\\artifact\\05092023__231820\\data_transformation\\transformed\\train.npz', transformed_test_path='F:\\New folder\\ThyroidDetection\\artifact\\05092023__231820\\data_transformation\\transformed\\test.npz', target_encoder_path='F:\\New folder\\ThyroidDetection\\artifact\\05092023__231820\\data_transformation\\target_encoder\\target_encoder.pkl')
[ 2023-05-09 23:18:31,882 ] 16 root - INFO - >>>>>>>>>>>>>>>>>>>>>>>>>>>>>>>>>>>>>>>> Model Trainer <<<<<<<<<<<<<<<<<<<<<<<<<<<<<<<<<<<<<<<<
[ 2023-05-09 23:18:31,882 ] 34 root - INFO - loading train and test numpy array for model training 
[ 2023-05-09 23:18:31,891 ] 39 root - INFO - Splitting input and target feature from both train and test arr.
[ 2023-05-09 23:18:31,891 ] 43 root - INFO - Train the model
[ 2023-05-09 23:18:31,953 ] 46 root - INFO - Calculating f1 train score
[ 2023-05-09 23:18:31,979 ] 50 root - INFO - Calculating recall train score
[ 2023-05-09 23:18:32,001 ] 54 root - INFO -  Calculating f1 test score 
[ 2023-05-09 23:18:32,013 ] 59 root - INFO -  Calculating recall test score
[ 2023-05-09 23:18:32,026 ] 63 root - INFO - train score:1.0 and tests score 0.7073529411764706
[ 2023-05-09 23:18:32,027 ] 65 root - INFO - Checking if our model is underfitting or not
