[ 2023-05-09 22:52:09,558 ] 157 numexpr.utils - INFO - NumExpr defaulting to 4 threads.
[ 2023-05-09 22:52:13,413 ] 15 root - INFO - >>>>>>>>>>>>>>>>>>>>>>>>>>>>>>>>>>>>>>>> Data Ingestion <<<<<<<<<<<<<<<<<<<<<<<<<<<<<<<<<<<<<<<<
[ 2023-05-09 22:52:13,413 ] 22 root - INFO - Exporting collection data as pandas dataframe
[ 2023-05-09 22:52:13,413 ] 21 root - INFO - Reading data from database: HealthCare and collection: thyroid_data
[ 2023-05-09 22:52:16,476 ] 23 root - INFO - Found columns: Index(['_id', 'age', 'sex', 'on_thyroxine', 'query_on_thyroxine',
       'on_antithyroid_medication', 'sick', 'pregnant', 'thyroid_surgery',
       'I131_treatment', 'query_hypothyroid', 'query_hyperthyroid', 'lithium',
       'goitre', 'tumor', 'hypopituitary', 'psych', 'TSH_measured', 'TSH',
       'T3_measured', 'T3', 'TT4_measured', 'TT4', 'T4U_measured', 'T4U',
       'FTI_measured', 'FTI', 'TBG_measured', 'TBG', 'referral_source',
       'Class'],
      dtype='object')
[ 2023-05-09 22:52:16,477 ] 25 root - INFO - Dropping column: _id 
[ 2023-05-09 22:52:16,481 ] 27 root - INFO - Row and columns in df: (3772, 30)
[ 2023-05-09 22:52:16,482 ] 28 root - INFO - Columns in dataframe : Index(['age', 'sex', 'on_thyroxine', 'query_on_thyroxine',
       'on_antithyroid_medication', 'sick', 'pregnant', 'thyroid_surgery',
       'I131_treatment', 'query_hypothyroid', 'query_hyperthyroid', 'lithium',
       'goitre', 'tumor', 'hypopituitary', 'psych', 'TSH_measured', 'TSH',
       'T3_measured', 'T3', 'TT4_measured', 'TT4', 'T4U_measured', 'T4U',
       'FTI_measured', 'FTI', 'TBG_measured', 'TBG', 'referral_source',
       'Class'],
      dtype='object')
[ 2023-05-09 22:52:16,482 ] 29 root - INFO - >>>>>>>>>>>>>>>>>>>>>>>>>>>>>>>>>>>>>>>>*<<<<<<<<<<<<<<<<<<<<<<<<<<<<<<<<<<<<<<<<
[ 2023-05-09 22:52:16,483 ] 31 root - INFO -  age : float64
[ 2023-05-09 22:52:16,483 ] 31 root - INFO -  sex : object
[ 2023-05-09 22:52:16,483 ] 31 root - INFO -  on_thyroxine : object
[ 2023-05-09 22:52:16,484 ] 31 root - INFO -  query_on_thyroxine : object
[ 2023-05-09 22:52:16,484 ] 31 root - INFO -  on_antithyroid_medication : object
[ 2023-05-09 22:52:16,484 ] 31 root - INFO -  sick : object
[ 2023-05-09 22:52:16,484 ] 31 root - INFO -  pregnant : object
[ 2023-05-09 22:52:16,484 ] 31 root - INFO -  thyroid_surgery : object
[ 2023-05-09 22:52:16,485 ] 31 root - INFO -  I131_treatment : object
[ 2023-05-09 22:52:16,485 ] 31 root - INFO -  query_hypothyroid : object
[ 2023-05-09 22:52:16,485 ] 31 root - INFO -  query_hyperthyroid : object
[ 2023-05-09 22:52:16,485 ] 31 root - INFO -  lithium : object
[ 2023-05-09 22:52:16,486 ] 31 root - INFO -  goitre : object
[ 2023-05-09 22:52:16,486 ] 31 root - INFO -  tumor : object
[ 2023-05-09 22:52:16,486 ] 31 root - INFO -  hypopituitary : object
[ 2023-05-09 22:52:16,486 ] 31 root - INFO -  psych : object
[ 2023-05-09 22:52:16,487 ] 31 root - INFO -  TSH_measured : object
[ 2023-05-09 22:52:16,487 ] 31 root - INFO -  TSH : float64
[ 2023-05-09 22:52:16,487 ] 31 root - INFO -  T3_measured : object
[ 2023-05-09 22:52:16,487 ] 31 root - INFO -  T3 : float64
[ 2023-05-09 22:52:16,487 ] 31 root - INFO -  TT4_measured : object
[ 2023-05-09 22:52:16,488 ] 31 root - INFO -  TT4 : float64
[ 2023-05-09 22:52:16,488 ] 31 root - INFO -  T4U_measured : object
[ 2023-05-09 22:52:16,488 ] 31 root - INFO -  T4U : float64
[ 2023-05-09 22:52:16,488 ] 31 root - INFO -  FTI_measured : object
[ 2023-05-09 22:52:16,489 ] 31 root - INFO -  FTI : float64
[ 2023-05-09 22:52:16,489 ] 31 root - INFO -  TBG_measured : object
[ 2023-05-09 22:52:16,489 ] 31 root - INFO -  TBG : object
[ 2023-05-09 22:52:16,489 ] 31 root - INFO -  referral_source : object
[ 2023-05-09 22:52:16,490 ] 31 root - INFO -  Class : object
[ 2023-05-09 22:52:16,490 ] 28 root - INFO - Save data in feature store
[ 2023-05-09 22:52:16,506 ] 33 root - INFO - Any duplicate records:61
[ 2023-05-09 22:52:16,507 ] 36 root - INFO - Dropping duplicate record
[ 2023-05-09 22:52:16,526 ] 39 root - INFO -  Rechecking any duplicate record or not
[ 2023-05-09 22:52:16,547 ] 40 root - INFO - Duplicate record :0
[ 2023-05-09 22:52:16,547 ] 45 root - INFO - Create feature store folder if not available
[ 2023-05-09 22:52:16,549 ] 49 root - INFO - Save df to feature store folder
[ 2023-05-09 22:52:16,611 ] 55 root - INFO - split dataset into train and test set
[ 2023-05-09 22:52:16,614 ] 59 root - INFO - create dataset directory folder if not available
[ 2023-05-09 22:52:16,616 ] 64 root - INFO - Save df to feature store folder
[ 2023-05-09 22:52:16,674 ] 77 root - INFO - Data ingestion artifact: DataIngestionArtifact(feature_store_file_path='F:\\New folder\\ThyroidDetection\\artifact\\05092023__225213\\data_ingestion\\feature_store\\hypothyroid_data.csv', train_file_path='F:\\New folder\\ThyroidDetection\\artifact\\05092023__225213\\data_ingestion\\dataset\\train.csv', test_file_path='F:\\New folder\\ThyroidDetection\\artifact\\05092023__225213\\data_ingestion\\dataset\\test.csv')
[ 2023-05-09 22:52:16,678 ] 20 root - INFO - >>>>>>>>>>>>>>>>>>>>>>>>>>>>>>>>>>>>>>>> Data Validation <<<<<<<<<<<<<<<<<<<<<<<<<<<<<<<<<<<<<<<<
[ 2023-05-09 22:52:16,679 ] 188 root - INFO - Reading base dataframe
[ 2023-05-09 22:52:16,709 ] 191 root - INFO - Drop null values colums from base df
[ 2023-05-09 22:52:16,718 ] 40 root - INFO - selecting column name which contains null above to 0.3
[ 2023-05-09 22:52:16,718 ] 43 root - INFO - Columns to drop: ['TBG']
[ 2023-05-09 22:52:16,722 ] 194 root - INFO - Reading train dataframe
[ 2023-05-09 22:52:16,742 ] 196 root - INFO - Reading test dataframe
[ 2023-05-09 22:52:16,753 ] 200 root - INFO - Drop null values colums from train df
[ 2023-05-09 22:52:16,760 ] 40 root - INFO - selecting column name which contains null above to 0.3
[ 2023-05-09 22:52:16,761 ] 43 root - INFO - Columns to drop: ['TBG']
[ 2023-05-09 22:52:16,764 ] 202 root - INFO - Drop null values colums from test df
[ 2023-05-09 22:52:16,767 ] 40 root - INFO - selecting column name which contains null above to 0.3
[ 2023-05-09 22:52:16,768 ] 43 root - INFO - Columns to drop: ['TBG']
[ 2023-05-09 22:52:16,769 ] 205 root - INFO - Selected features from Feature selection technique Using REFCV are sex, on_thyroxine,query_on_thyroxine,on_antithyroid_medication,sick,pregnant,I131_treatment,tumor,hypopituitary,psych,TSH,T3,TT4, T4U,FTI
[ 2023-05-09 22:52:16,769 ] 207 root - INFO - Dropping unrelevent columns from base df
[ 2023-05-09 22:52:16,769 ] 59 root - INFO -  Dropping unrelevant columns from train and test file
[ 2023-05-09 22:52:16,770 ] 60 root - INFO -  Columns to drop :['thyroid_surgery', 'query_hypothyroid', 'query_hyperthyroid', 'lithium', 'goitre', 'TSH_measured', 'T3_measured', 'TT4_measured', 'T4U_measured', 'FTI_measured', 'TBG_measured', 'referral_source']
[ 2023-05-09 22:52:16,772 ] 210 root - INFO -  Dropping unrelevent columns from train_df
[ 2023-05-09 22:52:16,772 ] 59 root - INFO -  Dropping unrelevant columns from train and test file
[ 2023-05-09 22:52:16,772 ] 60 root - INFO -  Columns to drop :['thyroid_surgery', 'query_hypothyroid', 'query_hyperthyroid', 'lithium', 'goitre', 'TSH_measured', 'T3_measured', 'TT4_measured', 'T4U_measured', 'FTI_measured', 'TBG_measured', 'referral_source']
[ 2023-05-09 22:52:16,775 ] 213 root - INFO -  Dropping unrelevent columns from test_df
[ 2023-05-09 22:52:16,775 ] 59 root - INFO -  Dropping unrelevant columns from train and test file
[ 2023-05-09 22:52:16,775 ] 60 root - INFO -  Columns to drop :['thyroid_surgery', 'query_hypothyroid', 'query_hyperthyroid', 'lithium', 'goitre', 'TSH_measured', 'T3_measured', 'TT4_measured', 'T4U_measured', 'FTI_measured', 'TBG_measured', 'referral_source']
[ 2023-05-09 22:52:16,777 ] 219 root - INFO - Is all required columns present in train df
[ 2023-05-09 22:52:16,778 ] 221 root - INFO - Is all required columns present in test df
[ 2023-05-09 22:52:16,778 ] 226 root - INFO - As all column are available in train df hence detecting data drift
[ 2023-05-09 22:52:16,787 ] 146 root - INFO - Hypothesis age: float64, float64 
[ 2023-05-09 22:52:16,885 ] 146 root - INFO - Hypothesis TSH: float64, float64 
[ 2023-05-09 22:52:16,984 ] 146 root - INFO - Hypothesis T3: float64, float64 
[ 2023-05-09 22:52:17,092 ] 146 root - INFO - Hypothesis TT4: float64, float64 
[ 2023-05-09 22:52:17,227 ] 146 root - INFO - Hypothesis T4U: float64, float64 
[ 2023-05-09 22:52:17,350 ] 146 root - INFO - Hypothesis FTI: float64, float64 
[ 2023-05-09 22:52:17,451 ] 165 root - INFO - Hypothesis sex: object, object 
[ 2023-05-09 22:52:17,452 ] 165 root - INFO - Hypothesis on_thyroxine: object, object 
[ 2023-05-09 22:52:17,455 ] 165 root - INFO - Hypothesis query_on_thyroxine: object, object 
[ 2023-05-09 22:52:17,456 ] 165 root - INFO - Hypothesis on_antithyroid_medication: object, object 
[ 2023-05-09 22:52:17,458 ] 165 root - INFO - Hypothesis sick: object, object 
[ 2023-05-09 22:52:17,459 ] 165 root - INFO - Hypothesis pregnant: object, object 
[ 2023-05-09 22:52:17,460 ] 165 root - INFO - Hypothesis I131_treatment: object, object 
[ 2023-05-09 22:52:17,461 ] 165 root - INFO - Hypothesis tumor: object, object 
[ 2023-05-09 22:52:17,463 ] 165 root - INFO - Hypothesis hypopituitary: object, object 
[ 2023-05-09 22:52:17,464 ] 165 root - INFO - Hypothesis psych: object, object 
[ 2023-05-09 22:52:17,466 ] 165 root - INFO - Hypothesis Class: object, object 
[ 2023-05-09 22:52:17,467 ] 229 root - INFO - As all column are available in test df hence detecting data drift
[ 2023-05-09 22:52:17,475 ] 146 root - INFO - Hypothesis age: float64, float64 
[ 2023-05-09 22:52:17,567 ] 146 root - INFO - Hypothesis TSH: float64, float64 
[ 2023-05-09 22:52:17,661 ] 146 root - INFO - Hypothesis T3: float64, float64 
[ 2023-05-09 22:52:17,761 ] 146 root - INFO - Hypothesis TT4: float64, float64 
[ 2023-05-09 22:52:17,903 ] 146 root - INFO - Hypothesis T4U: float64, float64 
[ 2023-05-09 22:52:18,008 ] 146 root - INFO - Hypothesis FTI: float64, float64 
[ 2023-05-09 22:52:18,107 ] 165 root - INFO - Hypothesis sex: object, object 
[ 2023-05-09 22:52:18,108 ] 165 root - INFO - Hypothesis on_thyroxine: object, object 
[ 2023-05-09 22:52:18,110 ] 165 root - INFO - Hypothesis query_on_thyroxine: object, object 
[ 2023-05-09 22:52:18,112 ] 165 root - INFO - Hypothesis on_antithyroid_medication: object, object 
[ 2023-05-09 22:52:18,115 ] 165 root - INFO - Hypothesis sick: object, object 
[ 2023-05-09 22:52:18,116 ] 165 root - INFO - Hypothesis pregnant: object, object 
[ 2023-05-09 22:52:18,117 ] 165 root - INFO - Hypothesis I131_treatment: object, object 
[ 2023-05-09 22:52:18,118 ] 165 root - INFO - Hypothesis tumor: object, object 
[ 2023-05-09 22:52:18,120 ] 165 root - INFO - Hypothesis hypopituitary: object, object 
[ 2023-05-09 22:52:18,121 ] 165 root - INFO - Hypothesis psych: object, object 
[ 2023-05-09 22:52:18,122 ] 165 root - INFO - Hypothesis Class: object, object 
[ 2023-05-09 22:52:18,123 ] 234 root - INFO - Write reprt in yaml file
[ 2023-05-09 22:52:18,145 ] 237 root - INFO - Index(['age', 'sex', 'on_thyroxine', 'query_on_thyroxine',
       'on_antithyroid_medication', 'sick', 'pregnant', 'I131_treatment',
       'tumor', 'hypopituitary', 'psych', 'TSH', 'T3', 'TT4', 'T4U', 'FTI',
       'Class'],
      dtype='object')
[ 2023-05-09 22:52:18,145 ] 238 root - INFO - Index(['age', 'sex', 'on_thyroxine', 'query_on_thyroxine',
       'on_antithyroid_medication', 'sick', 'pregnant', 'I131_treatment',
       'tumor', 'hypopituitary', 'psych', 'TSH', 'T3', 'TT4', 'T4U', 'FTI',
       'Class'],
      dtype='object')
[ 2023-05-09 22:52:18,146 ] 239 root - INFO - Index(['age', 'sex', 'on_thyroxine', 'query_on_thyroxine',
       'on_antithyroid_medication', 'sick', 'pregnant', 'I131_treatment',
       'tumor', 'hypopituitary', 'psych', 'TSH', 'T3', 'TT4', 'T4U', 'FTI',
       'Class'],
      dtype='object')
[ 2023-05-09 22:52:18,146 ] 242 root - INFO - Data validation artifact: DataValidationArtifact(report_file_path='F:\\New folder\\ThyroidDetection\\artifact\\05092023__225213\\data_validation\\report.yaml')
[ 2023-05-09 22:52:18,147 ] 30 root - INFO - >>>>>>>>>>>>>>>>>>>>>>>>>>>>>>>>>>>>>>>> Data Transformation <<<<<<<<<<<<<<<<<<<<<<<<<<<<<<<<<<<<<<<<
[ 2023-05-09 22:52:18,291 ] 90 root - INFO - Before resampling in training set Input: (2968, 15) Target:(2968,)
[ 2023-05-09 22:52:18,296 ] 92 root - INFO - After resampling in training set Input: (10940, 15) Target:(10940,)
[ 2023-05-09 22:52:18,297 ] 94 root - INFO - Before resampling in testing set Input: (743, 15) Target:(743,)
[ 2023-05-09 22:52:18,299 ] 96 root - INFO - After resampling in testing set Input: (2055, 15) Target:(2055,)
[ 2023-05-09 22:52:18,317 ] 61 root - INFO - Entered the save_object method of utils
[ 2023-05-09 22:52:18,329 ] 65 root - INFO - Exited the save_object method of utils
[ 2023-05-09 22:52:18,329 ] 61 root - INFO - Entered the save_object method of utils
[ 2023-05-09 22:52:18,347 ] 65 root - INFO - Exited the save_object method of utils
[ 2023-05-09 22:52:18,347 ] 127 root - INFO - Data transformation object DataTransformationArtifact(transform_object_path='F:\\New folder\\ThyroidDetection\\artifact\\05092023__225213\\data_transformation\\transformer\\transformer.pkl', transformed_train_path='F:\\New folder\\ThyroidDetection\\artifact\\05092023__225213\\data_transformation\\transformed\\train.npz', transformed_test_path='F:\\New folder\\ThyroidDetection\\artifact\\05092023__225213\\data_transformation\\transformed\\test.npz', target_encoder_path='F:\\New folder\\ThyroidDetection\\artifact\\05092023__225213\\data_transformation\\target_encoder\\target_encoder.pkl')
[ 2023-05-09 22:52:18,350 ] 16 root - INFO - >>>>>>>>>>>>>>>>>>>>>>>>>>>>>>>>>>>>>>>> Model Trainer <<<<<<<<<<<<<<<<<<<<<<<<<<<<<<<<<<<<<<<<
[ 2023-05-09 22:52:18,350 ] 34 root - INFO - loading train and test numpy array for model training 
[ 2023-05-09 22:52:18,356 ] 39 root - INFO - Splitting input and target feature from both train and test arr.
[ 2023-05-09 22:52:18,357 ] 43 root - INFO - Train the model
[ 2023-05-09 22:52:18,420 ] 46 root - INFO - Calculating f1 train score
[ 2023-05-09 22:52:18,457 ] 50 root - INFO - Calculating recall train score
[ 2023-05-09 22:52:18,476 ] 54 root - INFO -  Calculating f1 test score 
[ 2023-05-09 22:52:18,481 ] 59 root - INFO -  Calculating recall test score
[ 2023-05-09 22:52:18,485 ] 63 root - INFO - train score:1.0 and tests score 0.9927007299270073
[ 2023-05-09 22:52:18,485 ] 65 root - INFO - Checking if our model is underfitting or not
[ 2023-05-09 22:52:18,485 ] 70 root - INFO - Checking if our model is overfiiting or not
[ 2023-05-09 22:52:18,486 ] 78 root - INFO - Saving mode object
[ 2023-05-09 22:52:18,486 ] 61 root - INFO - Entered the save_object method of utils
[ 2023-05-09 22:52:18,491 ] 65 root - INFO - Exited the save_object method of utils
[ 2023-05-09 22:52:18,491 ] 83 root - INFO - Prepare the artifact
[ 2023-05-09 22:52:18,493 ] 90 root - INFO - Model trainer artifact: ModelTrainerArtifact(model_path='F:\\New folder\\ThyroidDetection\\artifact\\05092023__225213\\model_trainer\\model\\model.pkl', f1_train_score=1.0, f1_test_score=0.9926994525805758, recall_train_score=1.0, recall_test_score=0.9927007299270073)
[ 2023-05-09 22:52:18,494 ] 21 root - INFO - >>>>>>>>>>>>>>>>>>>>>>>>>>>>>>>>>>>>>>>>  Model Evaluation <<<<<<<<<<<<<<<<<<<<<<<<<<<<<<<<<<<<<<<<
[ 2023-05-09 22:52:18,495 ] 35 root - INFO - if saved model folder has model the we will compare which model is best trained or the model from saved model folder
[ 2023-05-09 22:52:18,495 ] 46 root - INFO - Finding location of transformer model and target encoder
[ 2023-05-09 22:52:18,496 ] 51 root - INFO - Previous trained objects of transformer, model and target encoder
[ 2023-05-09 22:52:18,499 ] 58 root - INFO - Currently trained model objects
