[ 2023-07-02 15:40:13,439 ] 15 root - INFO - >>>>>>>>>>>>>>>>>>>>>>>>>>>>>>>>>>>>>>>> Data Ingestion <<<<<<<<<<<<<<<<<<<<<<<<<<<<<<<<<<<<<<<<
[ 2023-07-02 15:40:13,441 ] 22 root - INFO - Exporting collection data as pandas dataframe
[ 2023-07-02 15:40:13,443 ] 22 root - INFO - Reading data from database: HealthCare and collection: thyroid_data
[ 2023-07-02 15:40:21,783 ] 24 root - INFO - Found columns: Index(['_id', 'age', 'sex', 'on_thyroxine', 'query_on_thyroxine',
       'on_antithyroid_medication', 'sick', 'pregnant', 'thyroid_surgery',
       'I131_treatment', 'query_hypothyroid', 'query_hyperthyroid', 'lithium',
       'goitre', 'tumor', 'hypopituitary', 'psych', 'TSH_measured', 'TSH',
       'T3_measured', 'T3', 'TT4_measured', 'TT4', 'T4U_measured', 'T4U',
       'FTI_measured', 'FTI', 'TBG_measured', 'TBG', 'referral_source',
       'Class'],
      dtype='object')
[ 2023-07-02 15:40:21,787 ] 26 root - INFO - Dropping column: _id 
[ 2023-07-02 15:40:21,907 ] 28 root - INFO - Row and columns in df: (11316, 30)
[ 2023-07-02 15:40:21,954 ] 29 root - INFO - Columns in dataframe : Index(['age', 'sex', 'on_thyroxine', 'query_on_thyroxine',
       'on_antithyroid_medication', 'sick', 'pregnant', 'thyroid_surgery',
       'I131_treatment', 'query_hypothyroid', 'query_hyperthyroid', 'lithium',
       'goitre', 'tumor', 'hypopituitary', 'psych', 'TSH_measured', 'TSH',
       'T3_measured', 'T3', 'TT4_measured', 'TT4', 'T4U_measured', 'T4U',
       'FTI_measured', 'FTI', 'TBG_measured', 'TBG', 'referral_source',
       'Class'],
      dtype='object')
[ 2023-07-02 15:40:21,955 ] 30 root - INFO - >>>>>>>>>>>>>>>>>>>>>>>>>>>>>>>>>>>>>>>>*<<<<<<<<<<<<<<<<<<<<<<<<<<<<<<<<<<<<<<<<
[ 2023-07-02 15:40:21,959 ] 32 root - INFO -  age : float64
[ 2023-07-02 15:40:21,962 ] 32 root - INFO -  sex : object
[ 2023-07-02 15:40:21,964 ] 32 root - INFO -  on_thyroxine : object
[ 2023-07-02 15:40:21,965 ] 32 root - INFO -  query_on_thyroxine : object
[ 2023-07-02 15:40:21,967 ] 32 root - INFO -  on_antithyroid_medication : object
[ 2023-07-02 15:40:21,968 ] 32 root - INFO -  sick : object
[ 2023-07-02 15:40:21,970 ] 32 root - INFO -  pregnant : object
[ 2023-07-02 15:40:21,972 ] 32 root - INFO -  thyroid_surgery : object
[ 2023-07-02 15:40:21,974 ] 32 root - INFO -  I131_treatment : object
[ 2023-07-02 15:40:21,979 ] 32 root - INFO -  query_hypothyroid : object
[ 2023-07-02 15:40:21,980 ] 32 root - INFO -  query_hyperthyroid : object
[ 2023-07-02 15:40:21,982 ] 32 root - INFO -  lithium : object
[ 2023-07-02 15:40:21,983 ] 32 root - INFO -  goitre : object
[ 2023-07-02 15:40:21,987 ] 32 root - INFO -  tumor : object
[ 2023-07-02 15:40:22,014 ] 32 root - INFO -  hypopituitary : object
[ 2023-07-02 15:40:22,030 ] 32 root - INFO -  psych : object
[ 2023-07-02 15:40:22,033 ] 32 root - INFO -  TSH_measured : object
[ 2023-07-02 15:40:22,041 ] 32 root - INFO -  TSH : float64
[ 2023-07-02 15:40:22,057 ] 32 root - INFO -  T3_measured : object
[ 2023-07-02 15:40:22,076 ] 32 root - INFO -  T3 : float64
[ 2023-07-02 15:40:22,078 ] 32 root - INFO -  TT4_measured : object
[ 2023-07-02 15:40:22,107 ] 32 root - INFO -  TT4 : float64
[ 2023-07-02 15:40:22,120 ] 32 root - INFO -  T4U_measured : object
[ 2023-07-02 15:40:22,125 ] 32 root - INFO -  T4U : float64
[ 2023-07-02 15:40:22,128 ] 32 root - INFO -  FTI_measured : object
[ 2023-07-02 15:40:22,132 ] 32 root - INFO -  FTI : float64
[ 2023-07-02 15:40:22,136 ] 32 root - INFO -  TBG_measured : object
[ 2023-07-02 15:40:22,141 ] 32 root - INFO -  TBG : object
[ 2023-07-02 15:40:22,155 ] 32 root - INFO -  referral_source : object
[ 2023-07-02 15:40:22,164 ] 32 root - INFO -  Class : object
[ 2023-07-02 15:40:22,171 ] 28 root - INFO - Save data in feature store
[ 2023-07-02 15:40:22,931 ] 33 root - INFO - Any duplicate records:7605
[ 2023-07-02 15:40:22,943 ] 36 root - INFO - Dropping duplicate record
[ 2023-07-02 15:40:23,602 ] 39 root - INFO -  Rechecking any duplicate record or not
[ 2023-07-02 15:40:23,714 ] 40 root - INFO - Duplicate record :0
[ 2023-07-02 15:40:23,715 ] 45 root - INFO - Create feature store folder if not available
[ 2023-07-02 15:40:23,720 ] 49 root - INFO - Save df to feature store folder
[ 2023-07-02 15:40:23,997 ] 55 root - INFO - split dataset into train and test set
[ 2023-07-02 15:40:24,003 ] 59 root - INFO - create dataset directory folder if not available
[ 2023-07-02 15:40:24,004 ] 64 root - INFO - Save df to feature store folder
[ 2023-07-02 15:40:24,400 ] 77 root - INFO - Data ingestion artifact: DataIngestionArtifact(feature_store_file_path='F:\\New folder\\ThyroidDetection\\artifact\\07022023__154013\\data_ingestion\\feature_store\\hypothyroid_data.csv', train_file_path='F:\\New folder\\ThyroidDetection\\artifact\\07022023__154013\\data_ingestion\\dataset\\train.csv', test_file_path='F:\\New folder\\ThyroidDetection\\artifact\\07022023__154013\\data_ingestion\\dataset\\test.csv')
[ 2023-07-02 15:40:24,408 ] 20 root - INFO - >>>>>>>>>>>>>>>>>>>>>>>>>>>>>>>>>>>>>>>> Data Validation <<<<<<<<<<<<<<<<<<<<<<<<<<<<<<<<<<<<<<<<
[ 2023-07-02 15:40:24,409 ] 188 root - INFO - Reading base dataframe
[ 2023-07-02 15:40:24,640 ] 191 root - INFO - Drop null values colums from base df
[ 2023-07-02 15:40:24,699 ] 40 root - INFO - selecting column name which contains null above to 0.3
[ 2023-07-02 15:40:24,709 ] 43 root - INFO - Columns to drop: ['TBG']
[ 2023-07-02 15:40:24,721 ] 194 root - INFO - Reading train dataframe
[ 2023-07-02 15:40:24,911 ] 196 root - INFO - Reading test dataframe
[ 2023-07-02 15:40:25,026 ] 200 root - INFO - Drop null values colums from train df
[ 2023-07-02 15:40:25,036 ] 40 root - INFO - selecting column name which contains null above to 0.3
[ 2023-07-02 15:40:25,037 ] 43 root - INFO - Columns to drop: ['TBG']
[ 2023-07-02 15:40:25,040 ] 202 root - INFO - Drop null values colums from test df
[ 2023-07-02 15:40:25,044 ] 40 root - INFO - selecting column name which contains null above to 0.3
[ 2023-07-02 15:40:25,046 ] 43 root - INFO - Columns to drop: ['TBG']
[ 2023-07-02 15:40:25,048 ] 205 root - INFO - Selected features from Feature selection technique Using REFCV are sex, on_thyroxine,query_on_thyroxine,on_antithyroid_medication,sick,pregnant,I131_treatment,tumor,hypopituitary,psych,TSH,T3,TT4, T4U,FTI
[ 2023-07-02 15:40:25,048 ] 207 root - INFO - Dropping unrelevent columns from base df
[ 2023-07-02 15:40:25,049 ] 59 root - INFO -  Dropping unrelevant columns from train and test file
[ 2023-07-02 15:40:25,049 ] 60 root - INFO -  Columns to drop :['TSH_measured', 'T3_measured', 'TT4_measured', 'T4U_measured', 'FTI_measured', 'TBG_measured', 'referral_source', 'thyroid_surgery', 'query_hypothyroid', 'query_hyperthyroid', 'lithium', 'goitre']
[ 2023-07-02 15:40:25,052 ] 210 root - INFO -  Dropping unrelevent columns from train_df
[ 2023-07-02 15:40:25,057 ] 59 root - INFO -  Dropping unrelevant columns from train and test file
[ 2023-07-02 15:40:25,058 ] 60 root - INFO -  Columns to drop :['TSH_measured', 'T3_measured', 'TT4_measured', 'T4U_measured', 'FTI_measured', 'TBG_measured', 'referral_source', 'thyroid_surgery', 'query_hypothyroid', 'query_hyperthyroid', 'lithium', 'goitre']
[ 2023-07-02 15:40:25,074 ] 213 root - INFO -  Dropping unrelevent columns from test_df
[ 2023-07-02 15:40:25,077 ] 59 root - INFO -  Dropping unrelevant columns from train and test file
[ 2023-07-02 15:40:25,080 ] 60 root - INFO -  Columns to drop :['TSH_measured', 'T3_measured', 'TT4_measured', 'T4U_measured', 'FTI_measured', 'TBG_measured', 'referral_source', 'thyroid_surgery', 'query_hypothyroid', 'query_hyperthyroid', 'lithium', 'goitre']
[ 2023-07-02 15:40:25,083 ] 219 root - INFO - Is all required columns present in train df
[ 2023-07-02 15:40:25,084 ] 221 root - INFO - Is all required columns present in test df
[ 2023-07-02 15:40:25,085 ] 226 root - INFO - As all column are available in train df hence detecting data drift
[ 2023-07-02 15:40:25,105 ] 146 root - INFO - Hypothesis age: float64, float64 
[ 2023-07-02 15:40:25,116 ] 146 root - INFO - Hypothesis TSH: float64, float64 
[ 2023-07-02 15:40:25,163 ] 146 root - INFO - Hypothesis T3: float64, float64 
[ 2023-07-02 15:40:25,196 ] 146 root - INFO - Hypothesis TT4: float64, float64 
[ 2023-07-02 15:40:25,227 ] 146 root - INFO - Hypothesis T4U: float64, float64 
[ 2023-07-02 15:40:25,253 ] 146 root - INFO - Hypothesis FTI: float64, float64 
[ 2023-07-02 15:40:25,270 ] 165 root - INFO - Hypothesis sex: object, object 
[ 2023-07-02 15:40:25,280 ] 165 root - INFO - Hypothesis on_thyroxine: object, object 
[ 2023-07-02 15:40:25,296 ] 165 root - INFO - Hypothesis query_on_thyroxine: object, object 
[ 2023-07-02 15:40:25,301 ] 165 root - INFO - Hypothesis on_antithyroid_medication: object, object 
[ 2023-07-02 15:40:25,310 ] 165 root - INFO - Hypothesis sick: object, object 
[ 2023-07-02 15:40:25,313 ] 165 root - INFO - Hypothesis pregnant: object, object 
[ 2023-07-02 15:40:25,323 ] 165 root - INFO - Hypothesis I131_treatment: object, object 
[ 2023-07-02 15:40:25,335 ] 165 root - INFO - Hypothesis tumor: object, object 
[ 2023-07-02 15:40:25,338 ] 165 root - INFO - Hypothesis hypopituitary: object, object 
[ 2023-07-02 15:40:25,340 ] 165 root - INFO - Hypothesis psych: object, object 
[ 2023-07-02 15:40:25,349 ] 165 root - INFO - Hypothesis Class: object, object 
[ 2023-07-02 15:40:25,355 ] 229 root - INFO - As all column are available in test df hence detecting data drift
[ 2023-07-02 15:40:25,379 ] 146 root - INFO - Hypothesis age: float64, float64 
[ 2023-07-02 15:40:25,397 ] 146 root - INFO - Hypothesis TSH: float64, float64 
[ 2023-07-02 15:40:25,418 ] 146 root - INFO - Hypothesis T3: float64, float64 
[ 2023-07-02 15:40:25,443 ] 146 root - INFO - Hypothesis TT4: float64, float64 
[ 2023-07-02 15:40:25,458 ] 146 root - INFO - Hypothesis T4U: float64, float64 
[ 2023-07-02 15:40:25,481 ] 146 root - INFO - Hypothesis FTI: float64, float64 
[ 2023-07-02 15:40:25,497 ] 165 root - INFO - Hypothesis sex: object, object 
[ 2023-07-02 15:40:25,499 ] 165 root - INFO - Hypothesis on_thyroxine: object, object 
[ 2023-07-02 15:40:25,501 ] 165 root - INFO - Hypothesis query_on_thyroxine: object, object 
[ 2023-07-02 15:40:25,503 ] 165 root - INFO - Hypothesis on_antithyroid_medication: object, object 
[ 2023-07-02 15:40:25,518 ] 165 root - INFO - Hypothesis sick: object, object 
[ 2023-07-02 15:40:25,524 ] 165 root - INFO - Hypothesis pregnant: object, object 
[ 2023-07-02 15:40:25,531 ] 165 root - INFO - Hypothesis I131_treatment: object, object 
[ 2023-07-02 15:40:25,539 ] 165 root - INFO - Hypothesis tumor: object, object 
[ 2023-07-02 15:40:25,544 ] 165 root - INFO - Hypothesis hypopituitary: object, object 
[ 2023-07-02 15:40:25,550 ] 165 root - INFO - Hypothesis psych: object, object 
[ 2023-07-02 15:40:25,565 ] 165 root - INFO - Hypothesis Class: object, object 
[ 2023-07-02 15:40:25,575 ] 234 root - INFO - Write reprt in yaml file
[ 2023-07-02 15:40:25,774 ] 237 root - INFO - Index(['age', 'sex', 'on_thyroxine', 'query_on_thyroxine',
       'on_antithyroid_medication', 'sick', 'pregnant', 'I131_treatment',
       'tumor', 'hypopituitary', 'psych', 'TSH', 'T3', 'TT4', 'T4U', 'FTI',
       'Class'],
      dtype='object')
[ 2023-07-02 15:40:25,779 ] 238 root - INFO - Index(['age', 'sex', 'on_thyroxine', 'query_on_thyroxine',
       'on_antithyroid_medication', 'sick', 'pregnant', 'I131_treatment',
       'tumor', 'hypopituitary', 'psych', 'TSH', 'T3', 'TT4', 'T4U', 'FTI',
       'Class'],
      dtype='object')
[ 2023-07-02 15:40:25,782 ] 239 root - INFO - Index(['age', 'sex', 'on_thyroxine', 'query_on_thyroxine',
       'on_antithyroid_medication', 'sick', 'pregnant', 'I131_treatment',
       'tumor', 'hypopituitary', 'psych', 'TSH', 'T3', 'TT4', 'T4U', 'FTI',
       'Class'],
      dtype='object')
[ 2023-07-02 15:40:25,784 ] 242 root - INFO - Data validation artifact: DataValidationArtifact(report_file_path='F:\\New folder\\ThyroidDetection\\artifact\\07022023__154013\\data_validation\\report.yaml')
[ 2023-07-02 15:40:25,801 ] 30 root - INFO - >>>>>>>>>>>>>>>>>>>>>>>>>>>>>>>>>>>>>>>> Data Transformation <<<<<<<<<<<<<<<<<<<<<<<<<<<<<<<<<<<<<<<<
[ 2023-07-02 15:40:26,706 ] 90 root - INFO - Before resampling in training set Input: (2968, 16) Target:(2968,)
[ 2023-07-02 15:40:26,736 ] 92 root - INFO - After resampling in training set Input: (10908, 16) Target:(10908,)
[ 2023-07-02 15:40:26,737 ] 94 root - INFO - Before resampling in testing set Input: (743, 16) Target:(743,)
[ 2023-07-02 15:40:26,756 ] 96 root - INFO - After resampling in testing set Input: (2079, 16) Target:(2079,)
[ 2023-07-02 15:40:26,800 ] 62 root - INFO - Entered the save_object method of utils
[ 2023-07-02 15:40:26,803 ] 66 root - INFO - Exited the save_object method of utils
[ 2023-07-02 15:40:26,803 ] 62 root - INFO - Entered the save_object method of utils
[ 2023-07-02 15:40:26,805 ] 66 root - INFO - Exited the save_object method of utils
[ 2023-07-02 15:40:26,805 ] 127 root - INFO - Data transformation object DataTransformationArtifact(transform_object_path='F:\\New folder\\ThyroidDetection\\artifact\\07022023__154013\\data_transformation\\transformer\\transformer.pkl', transformed_train_path='F:\\New folder\\ThyroidDetection\\artifact\\07022023__154013\\data_transformation\\transformed\\train.npz', transformed_test_path='F:\\New folder\\ThyroidDetection\\artifact\\07022023__154013\\data_transformation\\transformed\\test.npz', target_encoder_path='F:\\New folder\\ThyroidDetection\\artifact\\07022023__154013\\data_transformation\\target_encoder\\target_encoder.pkl')
[ 2023-07-02 15:40:26,808 ] 16 root - INFO - >>>>>>>>>>>>>>>>>>>>>>>>>>>>>>>>>>>>>>>> Model Trainer <<<<<<<<<<<<<<<<<<<<<<<<<<<<<<<<<<<<<<<<
[ 2023-07-02 15:40:26,808 ] 34 root - INFO - loading train and test numpy array for model training 
[ 2023-07-02 15:40:26,947 ] 39 root - INFO - Splitting input and target feature from both train and test arr.
[ 2023-07-02 15:40:26,947 ] 43 root - INFO - Train the model
[ 2023-07-02 15:40:27,485 ] 46 root - INFO - Calculating f1 train score
[ 2023-07-02 15:40:27,762 ] 50 root - INFO - Calculating recall train score
[ 2023-07-02 15:40:27,860 ] 54 root - INFO -  Calculating f1 test score 
[ 2023-07-02 15:40:28,037 ] 59 root - INFO -  Calculating recall test score
[ 2023-07-02 15:40:28,172 ] 63 root - INFO - train score:1.0 and tests score 0.9514189514189514
[ 2023-07-02 15:40:28,194 ] 65 root - INFO - Checking if our model is underfitting or not
[ 2023-07-02 15:40:28,202 ] 70 root - INFO - Checking if our model is overfiiting or not
[ 2023-07-02 15:40:28,207 ] 78 root - INFO - Saving mode object
[ 2023-07-02 15:40:28,209 ] 62 root - INFO - Entered the save_object method of utils
[ 2023-07-02 15:40:28,262 ] 66 root - INFO - Exited the save_object method of utils
[ 2023-07-02 15:40:28,263 ] 83 root - INFO - Prepare the artifact
[ 2023-07-02 15:40:28,264 ] 90 root - INFO - Model trainer artifact: ModelTrainerArtifact(model_path='F:\\New folder\\ThyroidDetection\\artifact\\07022023__154013\\model_trainer\\model\\model.pkl', f1_train_score=1.0, f1_test_score=0.9521272056928631, recall_train_score=1.0, recall_test_score=0.9514189514189514)
[ 2023-07-02 15:40:28,265 ] 21 root - INFO - >>>>>>>>>>>>>>>>>>>>>>>>>>>>>>>>>>>>>>>>  Model Evaluation <<<<<<<<<<<<<<<<<<<<<<<<<<<<<<<<<<<<<<<<
[ 2023-07-02 15:40:28,267 ] 35 root - INFO - if saved model folder has model the we will compare which model is best trained or the model from saved model folder
[ 2023-07-02 15:40:28,268 ] 41 root - INFO - Model evaluation artifact: ModelEvaluationArtifact(is_model_accepted=True, is_accuracy_improved=None)
[ 2023-07-02 15:40:28,270 ] 16 root - INFO - >>>>>>>>>>>>>>>>>>>>>>>>>>>>>>>>>>>>>>>> Model Pusher <<<<<<<<<<<<<<<<<<<<<<<<<<<<<<<<<<<<<<<<
[ 2023-07-02 15:40:28,271 ] 27 root - INFO - Loading transformer model and target encoder
[ 2023-07-02 15:40:28,623 ] 33 root - INFO - Saving model into model pusher directory
[ 2023-07-02 15:40:28,632 ] 62 root - INFO - Entered the save_object method of utils
[ 2023-07-02 15:40:28,669 ] 66 root - INFO - Exited the save_object method of utils
[ 2023-07-02 15:40:28,670 ] 62 root - INFO - Entered the save_object method of utils
[ 2023-07-02 15:40:28,688 ] 66 root - INFO - Exited the save_object method of utils
[ 2023-07-02 15:40:28,691 ] 62 root - INFO - Entered the save_object method of utils
[ 2023-07-02 15:40:28,704 ] 66 root - INFO - Exited the save_object method of utils
[ 2023-07-02 15:40:28,705 ] 40 root - INFO - Saving model in saved model dir
[ 2023-07-02 15:40:28,721 ] 62 root - INFO - Entered the save_object method of utils
[ 2023-07-02 15:40:28,812 ] 66 root - INFO - Exited the save_object method of utils
[ 2023-07-02 15:40:28,819 ] 62 root - INFO - Entered the save_object method of utils
[ 2023-07-02 15:40:28,839 ] 66 root - INFO - Exited the save_object method of utils
[ 2023-07-02 15:40:28,840 ] 62 root - INFO - Entered the save_object method of utils
[ 2023-07-02 15:40:28,848 ] 66 root - INFO - Exited the save_object method of utils
[ 2023-07-02 15:40:28,850 ] 51 root - INFO - Model pusher artifact: ModelPusherArtifact(pusher_model_dir='F:\\New folder\\ThyroidDetection\\artifact\\07022023__154013\\model_pusher\\saved_models', saved_model_dir='saved_models')
[ 2023-07-02 15:40:28,853 ] 14 root - INFO - Creating model resolver object
[ 2023-07-02 15:40:28,855 ] 16 root - INFO - Reading file :hypothyroid_data.csv
[ 2023-07-02 15:40:29,295 ] 20 root - INFO - Loading transformer to transform dataset
[ 2023-07-02 15:40:29,666 ] 26 root - INFO - Loading model to make prediction
[ 2023-07-02 15:40:29,740 ] 30 root - INFO - Target encoder to convert predicted column into categorical
