[ 2023-07-02 15:36:06,904 ] 15 root - INFO - >>>>>>>>>>>>>>>>>>>>>>>>>>>>>>>>>>>>>>>> Data Ingestion <<<<<<<<<<<<<<<<<<<<<<<<<<<<<<<<<<<<<<<<
[ 2023-07-02 15:36:06,905 ] 22 root - INFO - Exporting collection data as pandas dataframe
[ 2023-07-02 15:36:06,907 ] 22 root - INFO - Reading data from database: HealthCare and collection: thyroid_data
[ 2023-07-02 15:36:23,503 ] 24 root - INFO - Found columns: Index(['_id', 'age', 'sex', 'on_thyroxine', 'query_on_thyroxine',
       'on_antithyroid_medication', 'sick', 'pregnant', 'thyroid_surgery',
       'I131_treatment', 'query_hypothyroid', 'query_hyperthyroid', 'lithium',
       'goitre', 'tumor', 'hypopituitary', 'psych', 'TSH_measured', 'TSH',
       'T3_measured', 'T3', 'TT4_measured', 'TT4', 'T4U_measured', 'T4U',
       'FTI_measured', 'FTI', 'TBG_measured', 'TBG', 'referral_source',
       'Class'],
      dtype='object')
[ 2023-07-02 15:36:23,517 ] 26 root - INFO - Dropping column: _id 
[ 2023-07-02 15:36:23,530 ] 28 root - INFO - Row and columns in df: (11316, 30)
[ 2023-07-02 15:36:23,532 ] 29 root - INFO - Columns in dataframe : Index(['age', 'sex', 'on_thyroxine', 'query_on_thyroxine',
       'on_antithyroid_medication', 'sick', 'pregnant', 'thyroid_surgery',
       'I131_treatment', 'query_hypothyroid', 'query_hyperthyroid', 'lithium',
       'goitre', 'tumor', 'hypopituitary', 'psych', 'TSH_measured', 'TSH',
       'T3_measured', 'T3', 'TT4_measured', 'TT4', 'T4U_measured', 'T4U',
       'FTI_measured', 'FTI', 'TBG_measured', 'TBG', 'referral_source',
       'Class'],
      dtype='object')
[ 2023-07-02 15:36:23,532 ] 30 root - INFO - >>>>>>>>>>>>>>>>>>>>>>>>>>>>>>>>>>>>>>>>*<<<<<<<<<<<<<<<<<<<<<<<<<<<<<<<<<<<<<<<<
[ 2023-07-02 15:36:23,533 ] 32 root - INFO -  age : float64
[ 2023-07-02 15:36:23,533 ] 32 root - INFO -  sex : object
[ 2023-07-02 15:36:23,534 ] 32 root - INFO -  on_thyroxine : object
[ 2023-07-02 15:36:23,534 ] 32 root - INFO -  query_on_thyroxine : object
[ 2023-07-02 15:36:23,535 ] 32 root - INFO -  on_antithyroid_medication : object
[ 2023-07-02 15:36:23,535 ] 32 root - INFO -  sick : object
[ 2023-07-02 15:36:23,536 ] 32 root - INFO -  pregnant : object
[ 2023-07-02 15:36:23,536 ] 32 root - INFO -  thyroid_surgery : object
[ 2023-07-02 15:36:23,536 ] 32 root - INFO -  I131_treatment : object
[ 2023-07-02 15:36:23,537 ] 32 root - INFO -  query_hypothyroid : object
[ 2023-07-02 15:36:23,537 ] 32 root - INFO -  query_hyperthyroid : object
[ 2023-07-02 15:36:23,538 ] 32 root - INFO -  lithium : object
[ 2023-07-02 15:36:23,538 ] 32 root - INFO -  goitre : object
[ 2023-07-02 15:36:23,539 ] 32 root - INFO -  tumor : object
[ 2023-07-02 15:36:23,539 ] 32 root - INFO -  hypopituitary : object
[ 2023-07-02 15:36:23,539 ] 32 root - INFO -  psych : object
[ 2023-07-02 15:36:23,540 ] 32 root - INFO -  TSH_measured : object
[ 2023-07-02 15:36:23,542 ] 32 root - INFO -  TSH : float64
[ 2023-07-02 15:36:23,543 ] 32 root - INFO -  T3_measured : object
[ 2023-07-02 15:36:23,543 ] 32 root - INFO -  T3 : float64
[ 2023-07-02 15:36:23,544 ] 32 root - INFO -  TT4_measured : object
[ 2023-07-02 15:36:23,544 ] 32 root - INFO -  TT4 : float64
[ 2023-07-02 15:36:23,544 ] 32 root - INFO -  T4U_measured : object
[ 2023-07-02 15:36:23,545 ] 32 root - INFO -  T4U : float64
[ 2023-07-02 15:36:23,545 ] 32 root - INFO -  FTI_measured : object
[ 2023-07-02 15:36:23,546 ] 32 root - INFO -  FTI : float64
[ 2023-07-02 15:36:23,546 ] 32 root - INFO -  TBG_measured : object
[ 2023-07-02 15:36:23,547 ] 32 root - INFO -  TBG : object
[ 2023-07-02 15:36:23,547 ] 32 root - INFO -  referral_source : object
[ 2023-07-02 15:36:23,547 ] 32 root - INFO -  Class : object
[ 2023-07-02 15:36:23,548 ] 28 root - INFO - Save data in feature store
[ 2023-07-02 15:36:23,699 ] 33 root - INFO - Any duplicate records:7605
[ 2023-07-02 15:36:23,700 ] 36 root - INFO - Dropping duplicate record
[ 2023-07-02 15:36:23,837 ] 39 root - INFO -  Rechecking any duplicate record or not
[ 2023-07-02 15:36:23,908 ] 40 root - INFO - Duplicate record :0
[ 2023-07-02 15:36:23,908 ] 45 root - INFO - Create feature store folder if not available
[ 2023-07-02 15:36:23,917 ] 49 root - INFO - Save df to feature store folder
[ 2023-07-02 15:36:24,123 ] 55 root - INFO - split dataset into train and test set
[ 2023-07-02 15:36:24,128 ] 59 root - INFO - create dataset directory folder if not available
[ 2023-07-02 15:36:24,129 ] 64 root - INFO - Save df to feature store folder
[ 2023-07-02 15:36:24,397 ] 77 root - INFO - Data ingestion artifact: DataIngestionArtifact(feature_store_file_path='F:\\New folder\\ThyroidDetection\\artifact\\07022023__153606\\data_ingestion\\feature_store\\hypothyroid_data.csv', train_file_path='F:\\New folder\\ThyroidDetection\\artifact\\07022023__153606\\data_ingestion\\dataset\\train.csv', test_file_path='F:\\New folder\\ThyroidDetection\\artifact\\07022023__153606\\data_ingestion\\dataset\\test.csv')
[ 2023-07-02 15:36:24,409 ] 20 root - INFO - >>>>>>>>>>>>>>>>>>>>>>>>>>>>>>>>>>>>>>>> Data Validation <<<<<<<<<<<<<<<<<<<<<<<<<<<<<<<<<<<<<<<<
[ 2023-07-02 15:36:24,412 ] 188 root - INFO - Reading base dataframe
[ 2023-07-02 15:36:24,513 ] 191 root - INFO - Drop null values colums from base df
[ 2023-07-02 15:36:24,543 ] 40 root - INFO - selecting column name which contains null above to 0.3
[ 2023-07-02 15:36:24,544 ] 43 root - INFO - Columns to drop: ['TBG']
[ 2023-07-02 15:36:24,549 ] 194 root - INFO - Reading train dataframe
[ 2023-07-02 15:36:24,702 ] 196 root - INFO - Reading test dataframe
[ 2023-07-02 15:36:24,837 ] 200 root - INFO - Drop null values colums from train df
[ 2023-07-02 15:36:24,863 ] 40 root - INFO - selecting column name which contains null above to 0.3
[ 2023-07-02 15:36:24,866 ] 43 root - INFO - Columns to drop: ['TBG']
[ 2023-07-02 15:36:24,871 ] 202 root - INFO - Drop null values colums from test df
[ 2023-07-02 15:36:24,884 ] 40 root - INFO - selecting column name which contains null above to 0.3
[ 2023-07-02 15:36:24,887 ] 43 root - INFO - Columns to drop: ['TBG']
[ 2023-07-02 15:36:24,912 ] 205 root - INFO - Selected features from Feature selection technique Using REFCV are sex, on_thyroxine,query_on_thyroxine,on_antithyroid_medication,sick,pregnant,I131_treatment,tumor,hypopituitary,psych,TSH,T3,TT4, T4U,FTI
[ 2023-07-02 15:36:24,913 ] 207 root - INFO - Dropping unrelevent columns from base df
[ 2023-07-02 15:36:24,923 ] 59 root - INFO -  Dropping unrelevant columns from train and test file
[ 2023-07-02 15:36:24,925 ] 60 root - INFO -  Columns to drop :['TSH_measured', 'T3_measured', 'TT4_measured', 'T4U_measured', 'FTI_measured', 'TBG_measured', 'referral_source', 'thyroid_surgery', 'query_hypothyroid', 'query_hyperthyroid', 'lithium', 'goitre']
[ 2023-07-02 15:36:24,936 ] 210 root - INFO -  Dropping unrelevent columns from train_df
[ 2023-07-02 15:36:24,938 ] 59 root - INFO -  Dropping unrelevant columns from train and test file
[ 2023-07-02 15:36:24,938 ] 60 root - INFO -  Columns to drop :['TSH_measured', 'T3_measured', 'TT4_measured', 'T4U_measured', 'FTI_measured', 'TBG_measured', 'referral_source', 'thyroid_surgery', 'query_hypothyroid', 'query_hyperthyroid', 'lithium', 'goitre']
[ 2023-07-02 15:36:24,951 ] 213 root - INFO -  Dropping unrelevent columns from test_df
[ 2023-07-02 15:36:24,952 ] 59 root - INFO -  Dropping unrelevant columns from train and test file
[ 2023-07-02 15:36:24,952 ] 60 root - INFO -  Columns to drop :['TSH_measured', 'T3_measured', 'TT4_measured', 'T4U_measured', 'FTI_measured', 'TBG_measured', 'referral_source', 'thyroid_surgery', 'query_hypothyroid', 'query_hyperthyroid', 'lithium', 'goitre']
[ 2023-07-02 15:36:24,957 ] 219 root - INFO - Is all required columns present in train df
[ 2023-07-02 15:36:24,957 ] 221 root - INFO - Is all required columns present in test df
[ 2023-07-02 15:36:24,958 ] 226 root - INFO - As all column are available in train df hence detecting data drift
[ 2023-07-02 15:36:24,967 ] 146 root - INFO - Hypothesis age: float64, float64 
[ 2023-07-02 15:36:25,003 ] 146 root - INFO - Hypothesis TSH: float64, float64 
[ 2023-07-02 15:36:25,012 ] 146 root - INFO - Hypothesis T3: float64, float64 
[ 2023-07-02 15:36:25,020 ] 146 root - INFO - Hypothesis TT4: float64, float64 
[ 2023-07-02 15:36:25,029 ] 146 root - INFO - Hypothesis T4U: float64, float64 
[ 2023-07-02 15:36:25,046 ] 146 root - INFO - Hypothesis FTI: float64, float64 
[ 2023-07-02 15:36:25,085 ] 165 root - INFO - Hypothesis sex: object, object 
[ 2023-07-02 15:36:25,094 ] 165 root - INFO - Hypothesis on_thyroxine: object, object 
[ 2023-07-02 15:36:25,101 ] 165 root - INFO - Hypothesis query_on_thyroxine: object, object 
[ 2023-07-02 15:36:25,107 ] 165 root - INFO - Hypothesis on_antithyroid_medication: object, object 
[ 2023-07-02 15:36:25,112 ] 165 root - INFO - Hypothesis sick: object, object 
[ 2023-07-02 15:36:25,125 ] 165 root - INFO - Hypothesis pregnant: object, object 
[ 2023-07-02 15:36:25,130 ] 165 root - INFO - Hypothesis I131_treatment: object, object 
[ 2023-07-02 15:36:25,134 ] 165 root - INFO - Hypothesis tumor: object, object 
[ 2023-07-02 15:36:25,141 ] 165 root - INFO - Hypothesis hypopituitary: object, object 
[ 2023-07-02 15:36:25,150 ] 165 root - INFO - Hypothesis psych: object, object 
[ 2023-07-02 15:36:25,156 ] 165 root - INFO - Hypothesis Class: object, object 
[ 2023-07-02 15:36:25,166 ] 229 root - INFO - As all column are available in test df hence detecting data drift
[ 2023-07-02 15:36:25,170 ] 146 root - INFO - Hypothesis age: float64, float64 
[ 2023-07-02 15:36:25,180 ] 146 root - INFO - Hypothesis TSH: float64, float64 
[ 2023-07-02 15:36:25,212 ] 146 root - INFO - Hypothesis T3: float64, float64 
[ 2023-07-02 15:36:25,225 ] 146 root - INFO - Hypothesis TT4: float64, float64 
[ 2023-07-02 15:36:25,231 ] 146 root - INFO - Hypothesis T4U: float64, float64 
[ 2023-07-02 15:36:25,244 ] 146 root - INFO - Hypothesis FTI: float64, float64 
[ 2023-07-02 15:36:25,267 ] 165 root - INFO - Hypothesis sex: object, object 
[ 2023-07-02 15:36:25,270 ] 165 root - INFO - Hypothesis on_thyroxine: object, object 
[ 2023-07-02 15:36:25,272 ] 165 root - INFO - Hypothesis query_on_thyroxine: object, object 
[ 2023-07-02 15:36:25,274 ] 165 root - INFO - Hypothesis on_antithyroid_medication: object, object 
[ 2023-07-02 15:36:25,276 ] 165 root - INFO - Hypothesis sick: object, object 
[ 2023-07-02 15:36:25,280 ] 165 root - INFO - Hypothesis pregnant: object, object 
[ 2023-07-02 15:36:25,287 ] 165 root - INFO - Hypothesis I131_treatment: object, object 
[ 2023-07-02 15:36:25,293 ] 165 root - INFO - Hypothesis tumor: object, object 
[ 2023-07-02 15:36:25,295 ] 165 root - INFO - Hypothesis hypopituitary: object, object 
[ 2023-07-02 15:36:25,298 ] 165 root - INFO - Hypothesis psych: object, object 
[ 2023-07-02 15:36:25,300 ] 165 root - INFO - Hypothesis Class: object, object 
[ 2023-07-02 15:36:25,302 ] 234 root - INFO - Write reprt in yaml file
[ 2023-07-02 15:36:25,427 ] 237 root - INFO - Index(['age', 'sex', 'on_thyroxine', 'query_on_thyroxine',
       'on_antithyroid_medication', 'sick', 'pregnant', 'I131_treatment',
       'tumor', 'hypopituitary', 'psych', 'TSH', 'T3', 'TT4', 'T4U', 'FTI',
       'Class'],
      dtype='object')
[ 2023-07-02 15:36:25,430 ] 238 root - INFO - Index(['age', 'sex', 'on_thyroxine', 'query_on_thyroxine',
       'on_antithyroid_medication', 'sick', 'pregnant', 'I131_treatment',
       'tumor', 'hypopituitary', 'psych', 'TSH', 'T3', 'TT4', 'T4U', 'FTI',
       'Class'],
      dtype='object')
[ 2023-07-02 15:36:25,433 ] 239 root - INFO - Index(['age', 'sex', 'on_thyroxine', 'query_on_thyroxine',
       'on_antithyroid_medication', 'sick', 'pregnant', 'I131_treatment',
       'tumor', 'hypopituitary', 'psych', 'TSH', 'T3', 'TT4', 'T4U', 'FTI',
       'Class'],
      dtype='object')
[ 2023-07-02 15:36:25,433 ] 242 root - INFO - Data validation artifact: DataValidationArtifact(report_file_path='F:\\New folder\\ThyroidDetection\\artifact\\07022023__153606\\data_validation\\report.yaml')
[ 2023-07-02 15:36:25,434 ] 30 root - INFO - >>>>>>>>>>>>>>>>>>>>>>>>>>>>>>>>>>>>>>>> Data Transformation <<<<<<<<<<<<<<<<<<<<<<<<<<<<<<<<<<<<<<<<
[ 2023-07-02 15:36:26,082 ] 90 root - INFO - Before resampling in training set Input: (2968, 15) Target:(2968,)
[ 2023-07-02 15:36:26,094 ] 92 root - INFO - After resampling in training set Input: (10916, 15) Target:(10916,)
[ 2023-07-02 15:36:26,096 ] 94 root - INFO - Before resampling in testing set Input: (743, 15) Target:(743,)
[ 2023-07-02 15:36:26,105 ] 96 root - INFO - After resampling in testing set Input: (2764, 15) Target:(2764,)
[ 2023-07-02 15:36:26,119 ] 62 root - INFO - Entered the save_object method of utils
[ 2023-07-02 15:36:26,122 ] 66 root - INFO - Exited the save_object method of utils
[ 2023-07-02 15:36:26,122 ] 62 root - INFO - Entered the save_object method of utils
[ 2023-07-02 15:36:26,129 ] 66 root - INFO - Exited the save_object method of utils
[ 2023-07-02 15:36:26,130 ] 127 root - INFO - Data transformation object DataTransformationArtifact(transform_object_path='F:\\New folder\\ThyroidDetection\\artifact\\07022023__153606\\data_transformation\\transformer\\transformer.pkl', transformed_train_path='F:\\New folder\\ThyroidDetection\\artifact\\07022023__153606\\data_transformation\\transformed\\train.npz', transformed_test_path='F:\\New folder\\ThyroidDetection\\artifact\\07022023__153606\\data_transformation\\transformed\\test.npz', target_encoder_path='F:\\New folder\\ThyroidDetection\\artifact\\07022023__153606\\data_transformation\\target_encoder\\target_encoder.pkl')
[ 2023-07-02 15:36:26,140 ] 16 root - INFO - >>>>>>>>>>>>>>>>>>>>>>>>>>>>>>>>>>>>>>>> Model Trainer <<<<<<<<<<<<<<<<<<<<<<<<<<<<<<<<<<<<<<<<
[ 2023-07-02 15:36:26,140 ] 34 root - INFO - loading train and test numpy array for model training 
[ 2023-07-02 15:36:26,314 ] 39 root - INFO - Splitting input and target feature from both train and test arr.
[ 2023-07-02 15:36:26,314 ] 43 root - INFO - Train the model
[ 2023-07-02 15:36:26,379 ] 46 root - INFO - Calculating f1 train score
[ 2023-07-02 15:36:26,399 ] 50 root - INFO - Calculating recall train score
[ 2023-07-02 15:36:26,439 ] 54 root - INFO -  Calculating f1 test score 
[ 2023-07-02 15:36:26,462 ] 59 root - INFO -  Calculating recall test score
[ 2023-07-02 15:36:26,488 ] 63 root - INFO - train score:1.0 and tests score 0.7163531114327062
[ 2023-07-02 15:36:26,489 ] 65 root - INFO - Checking if our model is underfitting or not
